<?xml version="1.0" encoding="UTF-8"?>
<coverage generated="1775509532790" clover="3.2.0">
  <project timestamp="1775509532790" name="All files">
    <metrics statements="310" coveredstatements="308" conditionals="410" coveredconditionals="351" methods="111" coveredmethods="111" elements="831" coveredelements="770" complexity="0" loc="310" ncloc="310" packages="2" files="2" classes="2"/>
    <package name="src">
      <metrics statements="307" coveredstatements="305" conditionals="410" coveredconditionals="351" methods="109" coveredmethods="109"/>
      <file name="index.js" path="/home/diegosouzapw/dev/ai/omni-skills/packages/catalog-core/src/index.js">
        <metrics statements="307" coveredstatements="305" conditionals="410" coveredconditionals="351" methods="109" coveredmethods="109"/>
        <line num="5" count="1" type="stmt"/>
        <line num="6" count="1" type="stmt"/>
        <line num="7" count="1" type="stmt"/>
        <line num="10" count="133" type="cond" truecount="2" falsecount="0"/>
        <line num="11" count="132" type="stmt"/>
        <line num="14" count="1" type="cond" truecount="1" falsecount="1"/>
        <line num="15" count="1" type="stmt"/>
        <line num="18" count="0" type="stmt"/>
        <line num="22" count="104" type="stmt"/>
        <line num="26" count="4" type="cond" truecount="1" falsecount="1"/>
        <line num="27" count="4" type="stmt"/>
        <line num="28" count="4" type="stmt"/>
        <line num="29" count="4" type="stmt"/>
        <line num="33" count="18" type="stmt"/>
        <line num="34" count="18" type="cond" truecount="4" falsecount="0"/>
        <line num="38" count="60" type="cond" truecount="2" falsecount="0"/>
        <line num="39" count="60" type="cond" truecount="2" falsecount="0"/>
        <line num="43" count="51" type="cond" truecount="2" falsecount="0"/>
        <line num="48" count="51" type="cond" truecount="4" falsecount="0"/>
        <line num="53" count="51" type="cond" truecount="2" falsecount="0"/>
        <line num="57" count="46" type="stmt"/>
        <line num="58" count="46" type="cond" truecount="2" falsecount="0"/>
        <line num="59" count="7" type="stmt"/>
        <line num="62" count="39" type="stmt"/>
        <line num="66" count="15" type="cond" truecount="2" falsecount="0"/>
        <line num="67" count="15" type="cond" truecount="4" falsecount="0"/>
        <line num="68" count="6" type="stmt"/>
        <line num="70" count="9" type="stmt"/>
        <line num="74" count="70" type="cond" truecount="8" falsecount="1"/>
        <line num="76" count="12" type="cond" truecount="1" falsecount="1"/>
        <line num="79" count="12" type="cond" truecount="1" falsecount="1"/>
        <line num="83" count="12" type="cond" truecount="1" falsecount="1"/>
        <line num="85" count="12" type="cond" truecount="1" falsecount="1"/>
        <line num="87" count="12" type="cond" truecount="2" falsecount="4"/>
        <line num="89" count="10" type="stmt"/>
        <line num="94" count="9" type="cond" truecount="1" falsecount="1"/>
        <line num="95" count="9" type="cond" truecount="2" falsecount="0"/>
        <line num="97" count="9" type="cond" truecount="4" falsecount="0"/>
        <line num="98" count="1" type="stmt"/>
        <line num="101" count="8" type="stmt"/>
        <line num="103" count="8" type="cond" truecount="2" falsecount="0"/>
        <line num="104" count="5" type="stmt"/>
        <line num="105" count="1" type="stmt"/>
        <line num="108" count="7" type="stmt"/>
        <line num="110" count="35" type="stmt"/>
        <line num="111" count="35" type="cond" truecount="2" falsecount="0"/>
        <line num="112" count="30" type="cond" truecount="1" falsecount="1"/>
        <line num="114" count="5" type="stmt"/>
        <line num="116" count="7" type="stmt"/>
        <line num="120" count="748" type="cond" truecount="2" falsecount="0"/>
        <line num="128" count="21" type="stmt"/>
        <line num="134" count="7" type="stmt"/>
        <line num="138" count="4" type="stmt"/>
        <line num="139" count="3" type="cond" truecount="1" falsecount="1"/>
        <line num="140" count="3" type="cond" truecount="1" falsecount="1"/>
        <line num="143" count="4" type="cond" truecount="2" falsecount="0"/>
        <line num="147" count="60" type="stmt"/>
        <line num="148" count="60" type="stmt"/>
        <line num="159" count="60" type="stmt"/>
        <line num="160" count="72" type="cond" truecount="1" falsecount="1"/>
        <line num="161" count="72" type="cond" truecount="4" falsecount="0"/>
        <line num="162" count="2" type="stmt"/>
        <line num="163" count="2" type="stmt"/>
        <line num="165" count="626" type="cond" truecount="2" falsecount="0"/>
        <line num="166" count="15" type="stmt"/>
        <line num="167" count="15" type="stmt"/>
        <line num="169" count="499" type="cond" truecount="2" falsecount="0"/>
        <line num="170" count="4" type="stmt"/>
        <line num="174" count="60" type="stmt"/>
        <line num="175" count="98" type="cond" truecount="2" falsecount="0"/>
        <line num="176" count="3" type="stmt"/>
        <line num="180" count="60" type="stmt"/>
        <line num="184" count="36" type="stmt"/>
        <line num="186" count="36" type="cond" truecount="5" falsecount="1"/>
        <line num="187" count="0" type="stmt"/>
        <line num="190" count="36" type="cond" truecount="2" falsecount="0"/>
        <line num="196" count="4" type="stmt"/>
        <line num="199" count="36" type="stmt"/>
        <line num="203" count="133" type="stmt"/>
        <line num="204" count="133" type="stmt"/>
        <line num="214" count="30" type="cond" truecount="1" falsecount="1"/>
        <line num="215" count="30" type="stmt"/>
        <line num="216" count="30" type="stmt"/>
        <line num="220" count="1" type="cond" truecount="1" falsecount="1"/>
        <line num="221" count="1" type="stmt"/>
        <line num="222" count="1" type="stmt"/>
        <line num="226" count="84" type="cond" truecount="1" falsecount="1"/>
        <line num="227" count="84" type="stmt"/>
        <line num="228" count="84" type="stmt"/>
        <line num="230" count="84" type="cond" truecount="2" falsecount="0"/>
        <line num="231" count="15" type="stmt"/>
        <line num="234" count="69" type="stmt"/>
        <line num="238" count="9" type="stmt"/>
        <line num="239" count="9" type="stmt"/>
        <line num="240" count="36" type="stmt"/>
        <line num="245" count="10" type="stmt"/>
        <line num="246" count="10" type="stmt"/>
        <line num="247" count="10" type="stmt"/>
        <line num="249" count="10" type="cond" truecount="4" falsecount="0"/>
        <line num="250" count="2" type="stmt"/>
        <line num="253" count="8" type="stmt"/>
        <line num="257" count="1" type="stmt"/>
        <line num="261" count="2" type="stmt"/>
        <line num="262" count="2" type="cond" truecount="2" falsecount="0"/>
        <line num="263" count="1" type="stmt"/>
        <line num="266" count="1" type="stmt"/>
        <line num="270" count="2" type="stmt"/>
        <line num="271" count="2" type="cond" truecount="2" falsecount="0"/>
        <line num="272" count="1" type="stmt"/>
        <line num="275" count="1" type="stmt"/>
        <line num="279" count="2" type="stmt"/>
        <line num="280" count="2" type="cond" truecount="2" falsecount="0"/>
        <line num="281" count="1" type="stmt"/>
        <line num="284" count="1" type="cond" truecount="1" falsecount="1"/>
        <line num="296" count="4" type="cond" truecount="1" falsecount="1"/>
        <line num="297" count="4" type="stmt"/>
        <line num="298" count="4" type="cond" truecount="2" falsecount="0"/>
        <line num="299" count="1" type="stmt"/>
        <line num="302" count="3" type="cond" truecount="1" falsecount="1"/>
        <line num="303" count="4" type="cond" truecount="2" falsecount="0"/>
        <line num="304" count="1" type="stmt"/>
        <line num="307" count="2" type="stmt"/>
        <line num="308" count="2" type="cond" truecount="4" falsecount="0"/>
        <line num="309" count="1" type="stmt"/>
        <line num="312" count="1" type="stmt"/>
        <line num="319" count="6" type="stmt"/>
        <line num="320" count="6" type="cond" truecount="2" falsecount="0"/>
        <line num="321" count="1" type="stmt"/>
        <line num="324" count="5" type="stmt"/>
        <line num="339" count="5" type="stmt"/>
        <line num="340" count="5" type="cond" truecount="2" falsecount="0"/>
        <line num="341" count="1" type="stmt"/>
        <line num="344" count="4" type="cond" truecount="1" falsecount="1"/>
        <line num="368" count="4" type="cond" truecount="1" falsecount="1"/>
        <line num="369" count="4" type="stmt"/>
        <line num="370" count="4" type="cond" truecount="2" falsecount="0"/>
        <line num="371" count="1" type="stmt"/>
        <line num="374" count="3" type="cond" truecount="1" falsecount="1"/>
        <line num="375" count="4" type="cond" truecount="2" falsecount="0"/>
        <line num="376" count="1" type="stmt"/>
        <line num="379" count="2" type="stmt"/>
        <line num="380" count="2" type="cond" truecount="4" falsecount="0"/>
        <line num="381" count="1" type="stmt"/>
        <line num="384" count="1" type="stmt"/>
        <line num="388" count="4" type="cond" truecount="1" falsecount="1"/>
        <line num="389" count="4" type="stmt"/>
        <line num="390" count="4" type="cond" truecount="2" falsecount="0"/>
        <line num="391" count="1" type="stmt"/>
        <line num="394" count="3" type="cond" truecount="1" falsecount="1"/>
        <line num="395" count="4" type="stmt"/>
        <line num="396" count="4" type="cond" truecount="4" falsecount="0"/>
        <line num="397" count="1" type="stmt"/>
        <line num="400" count="2" type="stmt"/>
        <line num="401" count="2" type="cond" truecount="4" falsecount="0"/>
        <line num="402" count="1" type="stmt"/>
        <line num="405" count="1" type="stmt"/>
        <line num="409" count="4" type="cond" truecount="1" falsecount="1"/>
        <line num="410" count="4" type="stmt"/>
        <line num="411" count="4" type="cond" truecount="2" falsecount="0"/>
        <line num="412" count="1" type="stmt"/>
        <line num="415" count="3" type="stmt"/>
        <line num="416" count="4" type="cond" truecount="2" falsecount="0"/>
        <line num="417" count="1" type="stmt"/>
        <line num="420" count="2" type="stmt"/>
        <line num="421" count="2" type="cond" truecount="4" falsecount="0"/>
        <line num="422" count="1" type="stmt"/>
        <line num="425" count="1" type="stmt"/>
        <line num="432" count="15" type="stmt"/>
        <line num="433" count="15" type="stmt"/>
        <line num="434" count="15" type="cond" truecount="2" falsecount="0"/>
        <line num="435" count="15" type="cond" truecount="2" falsecount="0"/>
        <line num="436" count="15" type="cond" truecount="2" falsecount="0"/>
        <line num="437" count="15" type="stmt"/>
        <line num="440" count="15" type="cond" truecount="2" falsecount="0"/>
        <line num="441" count="15" type="cond" truecount="2" falsecount="0"/>
        <line num="443" count="15" type="cond" truecount="2" falsecount="0"/>
        <line num="444" count="1" type="stmt"/>
        <line num="446" count="4" type="cond" truecount="3" falsecount="0"/>
        <line num="452" count="15" type="cond" truecount="2" falsecount="0"/>
        <line num="453" count="2" type="cond" truecount="1" falsecount="1"/>
        <line num="456" count="15" type="cond" truecount="2" falsecount="0"/>
        <line num="457" count="2" type="stmt"/>
        <line num="460" count="15" type="cond" truecount="2" falsecount="0"/>
        <line num="461" count="1" type="stmt"/>
        <line num="464" count="15" type="cond" truecount="2" falsecount="0"/>
        <line num="465" count="1" type="stmt"/>
        <line num="468" count="15" type="cond" truecount="2" falsecount="0"/>
        <line num="469" count="1" type="cond" truecount="1" falsecount="1"/>
        <line num="472" count="15" type="cond" truecount="2" falsecount="0"/>
        <line num="473" count="1" type="stmt"/>
        <line num="474" count="1" type="cond" truecount="1" falsecount="1"/>
        <line num="478" count="15" type="cond" truecount="2" falsecount="0"/>
        <line num="479" count="1" type="cond" truecount="1" falsecount="1"/>
        <line num="482" count="15" type="cond" truecount="2" falsecount="0"/>
        <line num="483" count="1" type="cond" truecount="1" falsecount="1"/>
        <line num="486" count="15" type="cond" truecount="3" falsecount="0"/>
        <line num="487" count="15" type="cond" truecount="2" falsecount="0"/>
        <line num="488" count="6" type="stmt"/>
        <line num="490" count="24" type="stmt"/>
        <line num="491" count="24" type="stmt"/>
        <line num="497" count="24" type="stmt"/>
        <line num="498" count="1" type="cond" truecount="2" falsecount="0"/>
        <line num="500" count="6" type="cond" truecount="4" falsecount="0"/>
        <line num="501" count="1" type="stmt"/>
        <line num="504" count="7" type="stmt"/>
        <line num="505" count="9" type="cond" truecount="2" falsecount="0"/>
        <line num="506" count="8" type="stmt"/>
        <line num="509" count="15" type="stmt"/>
        <line num="510" count="15" type="cond" truecount="4" falsecount="0"/>
        <line num="512" count="15" type="stmt"/>
        <line num="534" count="3" type="stmt"/>
        <line num="535" count="3" type="cond" truecount="2" falsecount="0"/>
        <line num="536" count="1" type="stmt"/>
        <line num="539" count="2" type="stmt"/>
        <line num="540" count="2" type="cond" truecount="2" falsecount="0"/>
        <line num="541" count="1" type="stmt"/>
        <line num="544" count="1" type="stmt"/>
        <line num="551" count="1" type="stmt"/>
        <line num="555" count="3" type="stmt"/>
        <line num="556" count="6" type="stmt"/>
        <line num="559" count="3" type="cond" truecount="2" falsecount="0"/>
        <line num="560" count="1" type="stmt"/>
        <line num="571" count="2" type="stmt"/>
        <line num="573" count="4" type="cond" truecount="2" falsecount="0"/>
        <line num="574" count="2" type="stmt"/>
        <line num="577" count="4" type="cond" truecount="1" falsecount="1"/>
        <line num="579" count="4" type="cond" truecount="2" falsecount="0"/>
        <line num="580" count="4" type="stmt"/>
        <line num="583" count="4" type="cond" truecount="1" falsecount="1"/>
        <line num="585" count="4" type="cond" truecount="2" falsecount="0"/>
        <line num="586" count="6" type="stmt"/>
        <line num="590" count="3" type="stmt"/>
        <line num="591" count="4" type="stmt"/>
        <line num="606" count="4" type="stmt"/>
        <line num="609" count="7" type="cond" truecount="1" falsecount="1"/>
        <line num="611" count="11" type="cond" truecount="2" falsecount="2"/>
        <line num="617" count="3" type="stmt"/>
        <line num="618" count="3" type="cond" truecount="2" falsecount="0"/>
        <line num="619" count="3" type="cond" truecount="3" falsecount="0"/>
        <line num="620" count="3" type="stmt"/>
        <line num="622" count="3" type="stmt"/>
        <line num="623" count="12" type="stmt"/>
        <line num="648" count="12" type="cond" truecount="5" falsecount="1"/>
        <line num="649" count="5" type="stmt"/>
        <line num="652" count="7" type="cond" truecount="2" falsecount="0"/>
        <line num="658" count="3" type="stmt"/>
        <line num="661" count="4" type="stmt"/>
        <line num="663" count="1" type="cond" truecount="1" falsecount="1"/>
        <line num="666" count="3" type="stmt"/>
        <line num="675" count="16" type="stmt"/>
        <line num="676" count="4" type="stmt"/>
        <line num="678" count="4" type="stmt"/>
        <line num="679" count="16" type="stmt"/>
        <line num="680" count="16" type="stmt"/>
        <line num="681" count="8" type="stmt"/>
        <line num="694" count="5" type="stmt"/>
        <line num="696" count="5" type="stmt"/>
        <line num="697" count="18" type="cond" truecount="1" falsecount="1"/>
        <line num="698" count="10" type="cond" truecount="2" falsecount="0"/>
        <line num="699" count="4" type="stmt"/>
        <line num="707" count="1" type="stmt"/>
        <line num="711" count="3" type="cond" truecount="4" falsecount="0"/>
        <line num="712" count="3" type="cond" truecount="4" falsecount="0"/>
        <line num="713" count="6" type="stmt"/>
        <line num="714" count="3" type="stmt"/>
        <line num="715" count="2" type="stmt"/>
        <line num="717" count="3" type="stmt"/>
        <line num="719" count="1" type="cond" truecount="1" falsecount="1"/>
        <line num="721" count="3" type="stmt"/>
        <line num="722" count="4" type="stmt"/>
        <line num="724" count="3" type="stmt"/>
        <line num="725" count="3" type="stmt"/>
        <line num="727" count="3" type="stmt"/>
        <line num="729" count="3" type="cond" truecount="1" falsecount="1"/>
        <line num="730" count="3" type="cond" truecount="3" falsecount="0"/>
        <line num="731" count="3" type="cond" truecount="2" falsecount="0"/>
        <line num="732" count="3" type="cond" truecount="2" falsecount="0"/>
        <line num="734" count="3" type="stmt"/>
        <line num="735" count="4" type="cond" truecount="1" falsecount="1"/>
        <line num="738" count="3" type="cond" truecount="1" falsecount="1"/>
        <line num="739" count="3" type="cond" truecount="2" falsecount="0"/>
        <line num="750" count="3" type="stmt"/>
        <line num="752" count="3" type="stmt"/>
        <line num="753" count="4" type="stmt"/>
        <line num="764" count="3" type="stmt"/>
        <line num="765" count="3" type="stmt"/>
        <line num="766" count="3" type="stmt"/>
        <line num="768" count="3" type="cond" truecount="2" falsecount="0"/>
        <line num="769" count="2" type="stmt"/>
        <line num="772" count="3" type="stmt"/>
        <line num="773" count="3" type="cond" truecount="2" falsecount="0"/>
        <line num="774" count="1" type="stmt"/>
        <line num="777" count="3" type="cond" truecount="5" falsecount="0"/>
        <line num="778" count="1" type="stmt"/>
        <line num="781" count="3" type="stmt"/>
        <line num="782" count="1" type="cond" truecount="2" falsecount="0"/>
        <line num="784" count="3" type="stmt"/>
        <line num="785" count="1" type="stmt"/>
        <line num="789" count="3" type="cond" truecount="4" falsecount="0"/>
        <line num="790" count="1" type="stmt"/>
        <line num="793" count="3" type="stmt"/>
        <line num="795" count="1" type="stmt"/>
        <line num="801" count="2" type="stmt"/>
        <line num="813" count="4" type="stmt"/>
        <line num="820" count="4" type="stmt"/>
        <line num="829" count="1" type="stmt"/>
        <line num="830" count="1" type="stmt"/>
      </file>
    </package>
    <package name="src.repositories">
      <metrics statements="3" coveredstatements="3" conditionals="0" coveredconditionals="0" methods="2" coveredmethods="2"/>
      <file name="FileSystemAdapter.js" path="/home/diegosouzapw/dev/ai/omni-skills/packages/catalog-core/src/repositories/FileSystemAdapter.js">
        <metrics statements="3" coveredstatements="3" conditionals="0" coveredconditionals="0" methods="2" coveredmethods="2"/>
        <line num="3" count="2" type="stmt"/>
        <line num="5" count="2" type="stmt"/>
        <line num="8" count="1" type="stmt"/>
      </file>
    </package>
  </project>
</coverage>
