{"/home/diegosouzapw/dev/ai/omni-skills/packages/catalog-core/src/index.js": {"path":"/home/diegosouzapw/dev/ai/omni-skills/packages/catalog-core/src/index.js","statementMap":{"0":{"start":{"line":5,"column":18},"end":{"line":5,"column":62}},"1":{"start":{"line":6,"column":26},"end":{"line":6,"column":67}},"2":{"start":{"line":7,"column":22},"end":{"line":7,"column":24}},"3":{"start":{"line":10,"column":2},"end":{"line":12,"column":null}},"4":{"start":{"line":11,"column":4},"end":{"line":11,"column":null}},"5":{"start":{"line":14,"column":2},"end":{"line":16,"column":null}},"6":{"start":{"line":15,"column":4},"end":{"line":15,"column":null}},"7":{"start":{"line":18,"column":2},"end":{"line":18,"column":null}},"8":{"start":{"line":22,"column":2},"end":{"line":22,"column":null}},"9":{"start":{"line":26,"column":18},"end":{"line":26,"column":60}},"10":{"start":{"line":27,"column":23},"end":{"line":27,"column":47}},"11":{"start":{"line":28,"column":22},"end":{"line":28,"column":65}},"12":{"start":{"line":29,"column":2},"end":{"line":29,"column":null}},"13":{"start":{"line":33,"column":17},"end":{"line":33,"column":51}},"14":{"start":{"line":34,"column":2},"end":{"line":34,"column":null}},"15":{"start":{"line":38,"column":17},"end":{"line":38,"column":57}},"16":{"start":{"line":39,"column":2},"end":{"line":39,"column":null}},"17":{"start":{"line":43,"column":2},"end":{"line":43,"column":null}},"18":{"start":{"line":48,"column":4},"end":{"line":51,"column":6}},"19":{"start":{"line":53,"column":2},"end":{"line":53,"column":null}},"20":{"start":{"line":57,"column":18},"end":{"line":57,"column":43}},"21":{"start":{"line":58,"column":2},"end":{"line":60,"column":null}},"22":{"start":{"line":59,"column":4},"end":{"line":59,"column":null}},"23":{"start":{"line":62,"column":2},"end":{"line":62,"column":null}},"24":{"start":{"line":66,"column":21},"end":{"line":66,"column":54}},"25":{"start":{"line":67,"column":2},"end":{"line":69,"column":null}},"26":{"start":{"line":68,"column":4},"end":{"line":68,"column":null}},"27":{"start":{"line":70,"column":2},"end":{"line":70,"column":null}},"28":{"start":{"line":74,"column":2},"end":{"line":90,"column":null}},"29":{"start":{"line":76,"column":6},"end":{"line":76,"column":null}},"30":{"start":{"line":79,"column":6},"end":{"line":79,"column":null}},"31":{"start":{"line":83,"column":6},"end":{"line":83,"column":null}},"32":{"start":{"line":85,"column":6},"end":{"line":85,"column":null}},"33":{"start":{"line":87,"column":6},"end":{"line":87,"column":null}},"34":{"start":{"line":89,"column":6},"end":{"line":89,"column":null}},"35":{"start":{"line":94,"column":25},"end":{"line":94,"column":57}},"36":{"start":{"line":95,"column":20},"end":{"line":95,"column":44}},"37":{"start":{"line":97,"column":2},"end":{"line":99,"column":null}},"38":{"start":{"line":98,"column":4},"end":{"line":98,"column":null}},"39":{"start":{"line":101,"column":17},"end":{"line":101,"column":28}},"40":{"start":{"line":103,"column":2},"end":{"line":106,"column":null}},"41":{"start":{"line":104,"column":4},"end":{"line":104,"column":null}},"42":{"start":{"line":104,"column":33},"end":{"line":104,"column":76}},"43":{"start":{"line":105,"column":4},"end":{"line":105,"column":null}},"44":{"start":{"line":108,"column":2},"end":{"line":115,"column":null}},"45":{"start":{"line":110,"column":6},"end":{"line":110,"column":82}},"46":{"start":{"line":111,"column":4},"end":{"line":113,"column":null}},"47":{"start":{"line":112,"column":6},"end":{"line":112,"column":null}},"48":{"start":{"line":114,"column":4},"end":{"line":114,"column":null}},"49":{"start":{"line":116,"column":2},"end":{"line":116,"column":null}},"50":{"start":{"line":120,"column":2},"end":{"line":124,"column":null}},"51":{"start":{"line":128,"column":2},"end":{"line":130,"column":null}},"52":{"start":{"line":134,"column":2},"end":{"line":134,"column":null}},"53":{"start":{"line":138,"column":16},"end":{"line":141,"column":3}},"54":{"start":{"line":139,"column":53},"end":{"line":139,"column":87}},"55":{"start":{"line":140,"column":51},"end":{"line":140,"column":83}},"56":{"start":{"line":143,"column":2},"end":{"line":143,"column":null}},"57":{"start":{"line":147,"column":14},"end":{"line":147,"column":15}},"58":{"start":{"line":148,"column":20},"end":{"line":157,"column":22}},"59":{"start":{"line":159,"column":2},"end":{"line":172,"column":null}},"60":{"start":{"line":160,"column":4},"end":{"line":160,"column":null}},"61":{"start":{"line":160,"column":16},"end":{"line":160,"column":null}},"62":{"start":{"line":161,"column":4},"end":{"line":164,"column":null}},"63":{"start":{"line":162,"column":6},"end":{"line":162,"column":null}},"64":{"start":{"line":163,"column":6},"end":{"line":163,"column":null}},"65":{"start":{"line":165,"column":4},"end":{"line":168,"column":null}},"66":{"start":{"line":165,"column":34},"end":{"line":165,"column":49}},"67":{"start":{"line":166,"column":6},"end":{"line":166,"column":null}},"68":{"start":{"line":167,"column":6},"end":{"line":167,"column":null}},"69":{"start":{"line":169,"column":4},"end":{"line":171,"column":null}},"70":{"start":{"line":169,"column":34},"end":{"line":169,"column":55}},"71":{"start":{"line":170,"column":6},"end":{"line":170,"column":null}},"72":{"start":{"line":174,"column":2},"end":{"line":178,"column":null}},"73":{"start":{"line":175,"column":4},"end":{"line":177,"column":null}},"74":{"start":{"line":175,"column":34},"end":{"line":175,"column":55}},"75":{"start":{"line":176,"column":6},"end":{"line":176,"column":null}},"76":{"start":{"line":180,"column":2},"end":{"line":180,"column":null}},"77":{"start":{"line":184,"column":14},"end":{"line":184,"column":55}},"78":{"start":{"line":186,"column":2},"end":{"line":188,"column":null}},"79":{"start":{"line":187,"column":4},"end":{"line":187,"column":null}},"80":{"start":{"line":190,"column":2},"end":{"line":197,"column":null}},"81":{"start":{"line":196,"column":4},"end":{"line":196,"column":null}},"82":{"start":{"line":199,"column":2},"end":{"line":199,"column":null}},"83":{"start":{"line":203,"column":19},"end":{"line":203,"column":52}},"84":{"start":{"line":204,"column":2},"end":{"line":210,"column":null}},"85":{"start":{"line":214,"column":18},"end":{"line":214,"column":60}},"86":{"start":{"line":215,"column":16},"end":{"line":215,"column":40}},"87":{"start":{"line":216,"column":2},"end":{"line":216,"column":null}},"88":{"start":{"line":220,"column":18},"end":{"line":220,"column":60}},"89":{"start":{"line":221,"column":16},"end":{"line":221,"column":40}},"90":{"start":{"line":222,"column":2},"end":{"line":222,"column":null}},"91":{"start":{"line":226,"column":18},"end":{"line":226,"column":60}},"92":{"start":{"line":227,"column":16},"end":{"line":227,"column":40}},"93":{"start":{"line":228,"column":23},"end":{"line":228,"column":71}},"94":{"start":{"line":230,"column":2},"end":{"line":232,"column":null}},"95":{"start":{"line":231,"column":4},"end":{"line":231,"column":null}},"96":{"start":{"line":234,"column":2},"end":{"line":234,"column":null}},"97":{"start":{"line":238,"column":18},"end":{"line":238,"column":38}},"98":{"start":{"line":239,"column":2},"end":{"line":241,"column":null}},"99":{"start":{"line":240,"column":20},"end":{"line":240,"column":51}},"100":{"start":{"line":245,"column":23},"end":{"line":245,"column":47}},"101":{"start":{"line":246,"column":23},"end":{"line":246,"column":59}},"102":{"start":{"line":247,"column":25},"end":{"line":247,"column":49}},"103":{"start":{"line":249,"column":2},"end":{"line":251,"column":null}},"104":{"start":{"line":250,"column":4},"end":{"line":250,"column":null}},"105":{"start":{"line":253,"column":2},"end":{"line":253,"column":null}},"106":{"start":{"line":257,"column":2},"end":{"line":257,"column":null}},"107":{"start":{"line":261,"column":19},"end":{"line":261,"column":49}},"108":{"start":{"line":262,"column":2},"end":{"line":264,"column":null}},"109":{"start":{"line":263,"column":4},"end":{"line":263,"column":null}},"110":{"start":{"line":266,"column":2},"end":{"line":266,"column":null}},"111":{"start":{"line":270,"column":19},"end":{"line":270,"column":49}},"112":{"start":{"line":271,"column":2},"end":{"line":273,"column":null}},"113":{"start":{"line":272,"column":4},"end":{"line":272,"column":null}},"114":{"start":{"line":275,"column":2},"end":{"line":275,"column":null}},"115":{"start":{"line":279,"column":19},"end":{"line":279,"column":49}},"116":{"start":{"line":280,"column":2},"end":{"line":282,"column":null}},"117":{"start":{"line":281,"column":4},"end":{"line":281,"column":null}},"118":{"start":{"line":284,"column":2},"end":{"line":292,"column":null}},"119":{"start":{"line":284,"column":55},"end":{"line":292,"column":3}},"120":{"start":{"line":296,"column":18},"end":{"line":296,"column":60}},"121":{"start":{"line":297,"column":19},"end":{"line":297,"column":49}},"122":{"start":{"line":298,"column":2},"end":{"line":300,"column":null}},"123":{"start":{"line":299,"column":4},"end":{"line":299,"column":null}},"124":{"start":{"line":302,"column":19},"end":{"line":302,"column":88}},"125":{"start":{"line":302,"column":61},"end":{"line":302,"column":87}},"126":{"start":{"line":303,"column":2},"end":{"line":305,"column":null}},"127":{"start":{"line":304,"column":4},"end":{"line":304,"column":null}},"128":{"start":{"line":307,"column":23},"end":{"line":307,"column":62}},"129":{"start":{"line":308,"column":2},"end":{"line":310,"column":null}},"130":{"start":{"line":309,"column":4},"end":{"line":309,"column":null}},"131":{"start":{"line":312,"column":2},"end":{"line":315,"column":null}},"132":{"start":{"line":319,"column":19},"end":{"line":319,"column":49}},"133":{"start":{"line":320,"column":2},"end":{"line":322,"column":null}},"134":{"start":{"line":321,"column":4},"end":{"line":321,"column":null}},"135":{"start":{"line":324,"column":2},"end":{"line":335,"column":null}},"136":{"start":{"line":339,"column":19},"end":{"line":339,"column":49}},"137":{"start":{"line":340,"column":2},"end":{"line":342,"column":null}},"138":{"start":{"line":341,"column":4},"end":{"line":341,"column":null}},"139":{"start":{"line":344,"column":2},"end":{"line":364,"column":null}},"140":{"start":{"line":344,"column":53},"end":{"line":364,"column":3}},"141":{"start":{"line":368,"column":18},"end":{"line":368,"column":60}},"142":{"start":{"line":369,"column":19},"end":{"line":369,"column":49}},"143":{"start":{"line":370,"column":2},"end":{"line":372,"column":null}},"144":{"start":{"line":371,"column":4},"end":{"line":371,"column":null}},"145":{"start":{"line":374,"column":18},"end":{"line":374,"column":82}},"146":{"start":{"line":374,"column":59},"end":{"line":374,"column":81}},"147":{"start":{"line":375,"column":2},"end":{"line":377,"column":null}},"148":{"start":{"line":376,"column":4},"end":{"line":376,"column":null}},"149":{"start":{"line":379,"column":23},"end":{"line":379,"column":61}},"150":{"start":{"line":380,"column":2},"end":{"line":382,"column":null}},"151":{"start":{"line":381,"column":4},"end":{"line":381,"column":null}},"152":{"start":{"line":384,"column":2},"end":{"line":384,"column":null}},"153":{"start":{"line":388,"column":18},"end":{"line":388,"column":60}},"154":{"start":{"line":389,"column":19},"end":{"line":389,"column":49}},"155":{"start":{"line":390,"column":2},"end":{"line":392,"column":null}},"156":{"start":{"line":391,"column":4},"end":{"line":391,"column":null}},"157":{"start":{"line":394,"column":18},"end":{"line":394,"column":82}},"158":{"start":{"line":394,"column":59},"end":{"line":394,"column":81}},"159":{"start":{"line":395,"column":24},"end":{"line":395,"column":48}},"160":{"start":{"line":396,"column":2},"end":{"line":398,"column":null}},"161":{"start":{"line":397,"column":4},"end":{"line":397,"column":null}},"162":{"start":{"line":400,"column":23},"end":{"line":400,"column":62}},"163":{"start":{"line":401,"column":2},"end":{"line":403,"column":null}},"164":{"start":{"line":402,"column":4},"end":{"line":402,"column":null}},"165":{"start":{"line":405,"column":2},"end":{"line":405,"column":null}},"166":{"start":{"line":409,"column":18},"end":{"line":409,"column":60}},"167":{"start":{"line":410,"column":19},"end":{"line":410,"column":49}},"168":{"start":{"line":411,"column":2},"end":{"line":413,"column":null}},"169":{"start":{"line":412,"column":4},"end":{"line":412,"column":null}},"170":{"start":{"line":415,"column":23},"end":{"line":415,"column":55}},"171":{"start":{"line":416,"column":2},"end":{"line":418,"column":null}},"172":{"start":{"line":417,"column":4},"end":{"line":417,"column":null}},"173":{"start":{"line":420,"column":23},"end":{"line":420,"column":61}},"174":{"start":{"line":421,"column":2},"end":{"line":423,"column":null}},"175":{"start":{"line":422,"column":4},"end":{"line":422,"column":null}},"176":{"start":{"line":425,"column":2},"end":{"line":428,"column":null}},"177":{"start":{"line":432,"column":18},"end":{"line":432,"column":38}},"178":{"start":{"line":433,"column":15},"end":{"line":433,"column":34}},"179":{"start":{"line":434,"column":15},"end":{"line":434,"column":62}},"180":{"start":{"line":435,"column":16},"end":{"line":435,"column":79}},"181":{"start":{"line":436,"column":26},"end":{"line":436,"column":96}},"182":{"start":{"line":437,"column":32},"end":{"line":439,"column":3}},"183":{"start":{"line":440,"column":24},"end":{"line":440,"column":90}},"184":{"start":{"line":441,"column":27},"end":{"line":441,"column":99}},"185":{"start":{"line":443,"column":2},"end":{"line":450,"column":null}},"186":{"start":{"line":444,"column":4},"end":{"line":449,"column":null}},"187":{"start":{"line":446,"column":8},"end":{"line":448,"column":53}},"188":{"start":{"line":452,"column":2},"end":{"line":454,"column":null}},"189":{"start":{"line":453,"column":4},"end":{"line":453,"column":null}},"190":{"start":{"line":453,"column":38},"end":{"line":453,"column":80}},"191":{"start":{"line":456,"column":2},"end":{"line":458,"column":null}},"192":{"start":{"line":457,"column":4},"end":{"line":457,"column":null}},"193":{"start":{"line":457,"column":38},"end":{"line":457,"column":65}},"194":{"start":{"line":460,"column":2},"end":{"line":462,"column":null}},"195":{"start":{"line":461,"column":4},"end":{"line":461,"column":null}},"196":{"start":{"line":461,"column":38},"end":{"line":461,"column":91}},"197":{"start":{"line":464,"column":2},"end":{"line":466,"column":null}},"198":{"start":{"line":465,"column":4},"end":{"line":465,"column":null}},"199":{"start":{"line":465,"column":38},"end":{"line":465,"column":87}},"200":{"start":{"line":468,"column":2},"end":{"line":470,"column":null}},"201":{"start":{"line":469,"column":4},"end":{"line":469,"column":null}},"202":{"start":{"line":469,"column":38},"end":{"line":469,"column":89}},"203":{"start":{"line":472,"column":2},"end":{"line":476,"column":null}},"204":{"start":{"line":473,"column":4},"end":{"line":475,"column":null}},"205":{"start":{"line":474,"column":17},"end":{"line":474,"column":81}},"206":{"start":{"line":478,"column":2},"end":{"line":480,"column":null}},"207":{"start":{"line":479,"column":4},"end":{"line":479,"column":null}},"208":{"start":{"line":479,"column":38},"end":{"line":479,"column":85}},"209":{"start":{"line":482,"column":2},"end":{"line":484,"column":null}},"210":{"start":{"line":483,"column":4},"end":{"line":483,"column":null}},"211":{"start":{"line":483,"column":38},"end":{"line":483,"column":91}},"212":{"start":{"line":486,"column":22},"end":{"line":486,"column":64}},"213":{"start":{"line":487,"column":2},"end":{"line":507,"column":null}},"214":{"start":{"line":488,"column":4},"end":{"line":498,"column":null}},"215":{"start":{"line":490,"column":26},"end":{"line":490,"column":64}},"216":{"start":{"line":491,"column":8},"end":{"line":495,"column":null}},"217":{"start":{"line":497,"column":25},"end":{"line":497,"column":45}},"218":{"start":{"line":498,"column":29},"end":{"line":498,"column":90}},"219":{"start":{"line":500,"column":4},"end":{"line":502,"column":null}},"220":{"start":{"line":501,"column":6},"end":{"line":501,"column":null}},"221":{"start":{"line":504,"column":4},"end":{"line":504,"column":null}},"222":{"start":{"line":504,"column":62},"end":{"line":504,"column":67}},"223":{"start":{"line":505,"column":9},"end":{"line":507,"column":null}},"224":{"start":{"line":506,"column":4},"end":{"line":506,"column":null}},"225":{"start":{"line":509,"column":16},"end":{"line":509,"column":58}},"226":{"start":{"line":510,"column":17},"end":{"line":510,"column":83}},"227":{"start":{"line":512,"column":2},"end":{"line":530,"column":null}},"228":{"start":{"line":534,"column":19},"end":{"line":534,"column":49}},"229":{"start":{"line":535,"column":2},"end":{"line":537,"column":null}},"230":{"start":{"line":536,"column":4},"end":{"line":536,"column":null}},"231":{"start":{"line":539,"column":18},"end":{"line":539,"column":43}},"232":{"start":{"line":540,"column":2},"end":{"line":542,"column":null}},"233":{"start":{"line":541,"column":4},"end":{"line":541,"column":null}},"234":{"start":{"line":544,"column":2},"end":{"line":547,"column":null}},"235":{"start":{"line":551,"column":2},"end":{"line":551,"column":null}},"236":{"start":{"line":555,"column":20},"end":{"line":557,"column":20}},"237":{"start":{"line":556,"column":22},"end":{"line":556,"column":52}},"238":{"start":{"line":559,"column":2},"end":{"line":569,"column":null}},"239":{"start":{"line":560,"column":4},"end":{"line":568,"column":null}},"240":{"start":{"line":571,"column":17},"end":{"line":588,"column":3}},"241":{"start":{"line":573,"column":42},"end":{"line":573,"column":59}},"242":{"start":{"line":574,"column":50},"end":{"line":574,"column":67}},"243":{"start":{"line":577,"column":25},"end":{"line":577,"column":68}},"244":{"start":{"line":579,"column":8},"end":{"line":579,"column":null}},"245":{"start":{"line":579,"column":22},"end":{"line":579,"column":null}},"246":{"start":{"line":580,"column":8},"end":{"line":580,"column":null}},"247":{"start":{"line":580,"column":53},"end":{"line":580,"column":67}},"248":{"start":{"line":583,"column":25},"end":{"line":583,"column":53}},"249":{"start":{"line":585,"column":8},"end":{"line":585,"column":null}},"250":{"start":{"line":585,"column":22},"end":{"line":585,"column":null}},"251":{"start":{"line":586,"column":8},"end":{"line":586,"column":null}},"252":{"start":{"line":586,"column":52},"end":{"line":586,"column":65}},"253":{"start":{"line":590,"column":2},"end":{"line":613,"column":null}},"254":{"start":{"line":591,"column":41},"end":{"line":600,"column":5}},"255":{"start":{"line":606,"column":46},"end":{"line":612,"column":5}},"256":{"start":{"line":609,"column":18},"end":{"line":609,"column":56}},"257":{"start":{"line":611,"column":57},"end":{"line":611,"column":93}},"258":{"start":{"line":617,"column":20},"end":{"line":617,"column":45}},"259":{"start":{"line":618,"column":21},"end":{"line":618,"column":49}},"260":{"start":{"line":619,"column":22},"end":{"line":619,"column":64}},"261":{"start":{"line":620,"column":16},"end":{"line":620,"column":46}},"262":{"start":{"line":622,"column":18},"end":{"line":664,"column":20}},"263":{"start":{"line":623,"column":24},"end":{"line":646,"column":5}},"264":{"start":{"line":648,"column":6},"end":{"line":650,"column":null}},"265":{"start":{"line":649,"column":8},"end":{"line":649,"column":null}},"266":{"start":{"line":652,"column":6},"end":{"line":659,"column":null}},"267":{"start":{"line":658,"column":8},"end":{"line":658,"column":null}},"268":{"start":{"line":661,"column":6},"end":{"line":661,"column":null}},"269":{"start":{"line":663,"column":27},"end":{"line":663,"column":86}},"270":{"start":{"line":666,"column":2},"end":{"line":671,"column":null}},"271":{"start":{"line":675,"column":23},"end":{"line":675,"column":84}},"272":{"start":{"line":675,"column":74},"end":{"line":675,"column":82}},"273":{"start":{"line":676,"column":28},"end":{"line":676,"column":58}},"274":{"start":{"line":678,"column":2},"end":{"line":690,"column":null}},"275":{"start":{"line":679,"column":32},"end":{"line":679,"column":95}},"276":{"start":{"line":679,"column":69},"end":{"line":679,"column":94}},"277":{"start":{"line":680,"column":30},"end":{"line":680,"column":94}},"278":{"start":{"line":680,"column":67},"end":{"line":680,"column":93}},"279":{"start":{"line":681,"column":4},"end":{"line":689,"column":null}},"280":{"start":{"line":694,"column":20},"end":{"line":694,"column":45}},"281":{"start":{"line":696,"column":2},"end":{"line":705,"column":null}},"282":{"start":{"line":697,"column":18},"end":{"line":697,"column":91}},"283":{"start":{"line":697,"column":68},"end":{"line":697,"column":90}},"284":{"start":{"line":698,"column":4},"end":{"line":704,"column":null}},"285":{"start":{"line":699,"column":6},"end":{"line":703,"column":null}},"286":{"start":{"line":707,"column":2},"end":{"line":707,"column":null}},"287":{"start":{"line":711,"column":27},"end":{"line":711,"column":98}},"288":{"start":{"line":712,"column":28},"end":{"line":712,"column":102}},"289":{"start":{"line":713,"column":22},"end":{"line":713,"column":88}},"290":{"start":{"line":713,"column":67},"end":{"line":713,"column":86}},"291":{"start":{"line":714,"column":26},"end":{"line":716,"column":20}},"292":{"start":{"line":715,"column":23},"end":{"line":715,"column":48}},"293":{"start":{"line":717,"column":27},"end":{"line":720,"column":5}},"294":{"start":{"line":719,"column":43},"end":{"line":719,"column":75}},"295":{"start":{"line":721,"column":25},"end":{"line":723,"column":20}},"296":{"start":{"line":722,"column":22},"end":{"line":722,"column":52}},"297":{"start":{"line":724,"column":32},"end":{"line":726,"column":3}},"298":{"start":{"line":725,"column":4},"end":{"line":725,"column":56}},"299":{"start":{"line":725,"column":35},"end":{"line":725,"column":55}},"300":{"start":{"line":727,"column":33},"end":{"line":727,"column":75}},"301":{"start":{"line":727,"column":65},"end":{"line":727,"column":74}},"302":{"start":{"line":729,"column":24},"end":{"line":729,"column":69}},"303":{"start":{"line":730,"column":21},"end":{"line":730,"column":66}},"304":{"start":{"line":731,"column":17},"end":{"line":731,"column":76}},"305":{"start":{"line":732,"column":31},"end":{"line":732,"column":100}},"306":{"start":{"line":734,"column":24},"end":{"line":736,"column":4}},"307":{"start":{"line":735,"column":38},"end":{"line":735,"column":110}},"308":{"start":{"line":735,"column":98},"end":{"line":735,"column":109}},"309":{"start":{"line":738,"column":16},"end":{"line":738,"column":72}},"310":{"start":{"line":739,"column":22},"end":{"line":752,"column":35}},"311":{"start":{"line":750,"column":23},"end":{"line":750,"column":60}},"312":{"start":{"line":752,"column":23},"end":{"line":752,"column":34}},"313":{"start":{"line":753,"column":24},"end":{"line":762,"column":5}},"314":{"start":{"line":753,"column":53},"end":{"line":762,"column":3}},"315":{"start":{"line":764,"column":19},"end":{"line":764,"column":21}},"316":{"start":{"line":765,"column":26},"end":{"line":767,"column":3}},"317":{"start":{"line":766,"column":17},"end":{"line":766,"column":70}},"318":{"start":{"line":766,"column":49},"end":{"line":766,"column":69}},"319":{"start":{"line":768,"column":2},"end":{"line":770,"column":null}},"320":{"start":{"line":769,"column":4},"end":{"line":769,"column":null}},"321":{"start":{"line":772,"column":27},"end":{"line":772,"column":93}},"322":{"start":{"line":772,"column":66},"end":{"line":772,"column":92}},"323":{"start":{"line":773,"column":2},"end":{"line":775,"column":null}},"324":{"start":{"line":774,"column":4},"end":{"line":774,"column":null}},"325":{"start":{"line":777,"column":2},"end":{"line":779,"column":null}},"326":{"start":{"line":778,"column":4},"end":{"line":778,"column":null}},"327":{"start":{"line":781,"column":35},"end":{"line":783,"column":3}},"328":{"start":{"line":782,"column":16},"end":{"line":782,"column":94}},"329":{"start":{"line":784,"column":2},"end":{"line":788,"column":null}},"330":{"start":{"line":785,"column":4},"end":{"line":787,"column":null}},"331":{"start":{"line":789,"column":2},"end":{"line":791,"column":null}},"332":{"start":{"line":790,"column":4},"end":{"line":790,"column":null}},"333":{"start":{"line":793,"column":2},"end":{"line":825,"column":null}},"334":{"start":{"line":795,"column":55},"end":{"line":800,"column":5}},"335":{"start":{"line":801,"column":52},"end":{"line":809,"column":5}},"336":{"start":{"line":813,"column":44},"end":{"line":813,"column":58}},"337":{"start":{"line":820,"column":47},"end":{"line":824,"column":5}},"338":{"start":{"line":829,"column":18},"end":{"line":829,"column":38}},"339":{"start":{"line":830,"column":2},"end":{"line":835,"column":null}}},"fnMap":{"0":{"name":"resolveRepoRoot","decl":{"start":{"line":9,"column":9},"end":{"line":9,"column":24}},"loc":{"start":{"line":9,"column":35},"end":{"line":19,"column":null}},"line":9},"1":{"name":"readJson","decl":{"start":{"line":21,"column":9},"end":{"line":21,"column":17}},"loc":{"start":{"line":21,"column":56},"end":{"line":23,"column":null}},"line":21},"2":{"name":"loadBundleDefinitions","decl":{"start":{"line":25,"column":9},"end":{"line":25,"column":30}},"loc":{"start":{"line":25,"column":45},"end":{"line":30,"column":null}},"line":25},"3":{"name":"ensureNumber","decl":{"start":{"line":32,"column":9},"end":{"line":32,"column":21}},"loc":{"start":{"line":32,"column":39},"end":{"line":35,"column":null}},"line":32},"4":{"name":"ensureOptionalNumber","decl":{"start":{"line":37,"column":9},"end":{"line":37,"column":29}},"loc":{"start":{"line":37,"column":37},"end":{"line":40,"column":null}},"line":37},"5":{"name":"trimTrailingSlash","decl":{"start":{"line":42,"column":9},"end":{"line":42,"column":26}},"loc":{"start":{"line":42,"column":34},"end":{"line":44,"column":null}},"line":42},"6":{"name":"getPublicBaseUrl","decl":{"start":{"line":46,"column":9},"end":{"line":46,"column":25}},"loc":{"start":{"line":46,"column":40},"end":{"line":54,"column":null}},"line":46},"7":{"name":"buildPublicUrl","decl":{"start":{"line":56,"column":9},"end":{"line":56,"column":23}},"loc":{"start":{"line":56,"column":48},"end":{"line":63,"column":null}},"line":56},"8":{"name":"parseSortOrder","decl":{"start":{"line":65,"column":9},"end":{"line":65,"column":23}},"loc":{"start":{"line":65,"column":50},"end":{"line":71,"column":null}},"line":65},"9":{"name":"getMetricValue","decl":{"start":{"line":73,"column":9},"end":{"line":73,"column":23}},"loc":{"start":{"line":73,"column":39},"end":{"line":91,"column":null}},"line":73},"10":{"name":"sortSkills","decl":{"start":{"line":93,"column":9},"end":{"line":93,"column":19}},"loc":{"start":{"line":93,"column":55},"end":{"line":117,"column":null}},"line":93},"11":{"name":"(anonymous_11)","decl":{"start":{"line":104,"column":16},"end":{"line":104,"column":17}},"loc":{"start":{"line":104,"column":33},"end":{"line":104,"column":76}},"line":104},"12":{"name":"(anonymous_12)","decl":{"start":{"line":108,"column":14},"end":{"line":108,"column":15}},"loc":{"start":{"line":108,"column":31},"end":{"line":115,"column":3}},"line":108},"13":{"name":"normalizeText","decl":{"start":{"line":119,"column":9},"end":{"line":119,"column":22}},"loc":{"start":{"line":119,"column":30},"end":{"line":125,"column":null}},"line":119},"14":{"name":"tokenize","decl":{"start":{"line":127,"column":9},"end":{"line":127,"column":17}},"loc":{"start":{"line":127,"column":25},"end":{"line":131,"column":null}},"line":127},"15":{"name":"shellQuote","decl":{"start":{"line":133,"column":9},"end":{"line":133,"column":19}},"loc":{"start":{"line":133,"column":27},"end":{"line":135,"column":null}},"line":133},"16":{"name":"appendSelectionFlags","decl":{"start":{"line":137,"column":9},"end":{"line":137,"column":29}},"loc":{"start":{"line":137,"column":55},"end":{"line":144,"column":null}},"line":137},"17":{"name":"(anonymous_17)","decl":{"start":{"line":139,"column":39},"end":{"line":139,"column":40}},"loc":{"start":{"line":139,"column":53},"end":{"line":139,"column":87}},"line":139},"18":{"name":"(anonymous_18)","decl":{"start":{"line":140,"column":38},"end":{"line":140,"column":39}},"loc":{"start":{"line":140,"column":51},"end":{"line":140,"column":83}},"line":140},"19":{"name":"scoreTextMatch","decl":{"start":{"line":146,"column":9},"end":{"line":146,"column":23}},"loc":{"start":{"line":146,"column":56},"end":{"line":181,"column":null}},"line":146},"20":{"name":"(anonymous_20)","decl":{"start":{"line":165,"column":23},"end":{"line":165,"column":24}},"loc":{"start":{"line":165,"column":34},"end":{"line":165,"column":49}},"line":165},"21":{"name":"(anonymous_21)","decl":{"start":{"line":169,"column":23},"end":{"line":169,"column":24}},"loc":{"start":{"line":169,"column":34},"end":{"line":169,"column":55}},"line":169},"22":{"name":"(anonymous_22)","decl":{"start":{"line":175,"column":23},"end":{"line":175,"column":24}},"loc":{"start":{"line":175,"column":34},"end":{"line":175,"column":55}},"line":175},"23":{"name":"scoreSkill","decl":{"start":{"line":183,"column":9},"end":{"line":183,"column":19}},"loc":{"start":{"line":183,"column":78},"end":{"line":200,"column":null}},"line":183},"24":{"name":"getCatalogPaths","decl":{"start":{"line":202,"column":16},"end":{"line":202,"column":31}},"loc":{"start":{"line":202,"column":46},"end":{"line":211,"column":null}},"line":202},"25":{"name":"loadCatalog","decl":{"start":{"line":213,"column":16},"end":{"line":213,"column":27}},"loc":{"start":{"line":213,"column":42},"end":{"line":217,"column":null}},"line":213},"26":{"name":"loadSkillsIndex","decl":{"start":{"line":219,"column":16},"end":{"line":219,"column":31}},"loc":{"start":{"line":219,"column":46},"end":{"line":223,"column":null}},"line":219},"27":{"name":"loadManifest","decl":{"start":{"line":225,"column":16},"end":{"line":225,"column":28}},"loc":{"start":{"line":225,"column":52},"end":{"line":235,"column":null}},"line":225},"28":{"name":"loadAllManifests","decl":{"start":{"line":237,"column":16},"end":{"line":237,"column":32}},"loc":{"start":{"line":237,"column":47},"end":{"line":242,"column":null}},"line":237},"29":{"name":"(anonymous_29)","decl":{"start":{"line":240,"column":9},"end":{"line":240,"column":10}},"loc":{"start":{"line":240,"column":20},"end":{"line":240,"column":51}},"line":240},"30":{"name":"resolveRepoFile","decl":{"start":{"line":244,"column":9},"end":{"line":244,"column":24}},"loc":{"start":{"line":244,"column":53},"end":{"line":254,"column":null}},"line":244},"31":{"name":"resolveCatalogFile","decl":{"start":{"line":256,"column":16},"end":{"line":256,"column":34}},"loc":{"start":{"line":256,"column":49},"end":{"line":258,"column":null}},"line":256},"32":{"name":"resolveManifestFile","decl":{"start":{"line":260,"column":16},"end":{"line":260,"column":35}},"loc":{"start":{"line":260,"column":59},"end":{"line":267,"column":null}},"line":260},"33":{"name":"resolveSkillEntrypointFile","decl":{"start":{"line":269,"column":16},"end":{"line":269,"column":42}},"loc":{"start":{"line":269,"column":66},"end":{"line":276,"column":null}},"line":269},"34":{"name":"listSkillArtifacts","decl":{"start":{"line":278,"column":16},"end":{"line":278,"column":34}},"loc":{"start":{"line":278,"column":58},"end":{"line":293,"column":null}},"line":278},"35":{"name":"(anonymous_35)","decl":{"start":{"line":284,"column":40},"end":{"line":284,"column":41}},"loc":{"start":{"line":284,"column":55},"end":{"line":292,"column":3}},"line":284},"36":{"name":"resolveSkillArtifactFile","decl":{"start":{"line":295,"column":16},"end":{"line":295,"column":40}},"loc":{"start":{"line":295,"column":78},"end":{"line":316,"column":null}},"line":295},"37":{"name":"(anonymous_37)","decl":{"start":{"line":302,"column":51},"end":{"line":302,"column":52}},"loc":{"start":{"line":302,"column":61},"end":{"line":302,"column":87}},"line":302},"38":{"name":"getSkillPublicUrls","decl":{"start":{"line":318,"column":16},"end":{"line":318,"column":34}},"loc":{"start":{"line":318,"column":58},"end":{"line":336,"column":null}},"line":318},"39":{"name":"listSkillArchives","decl":{"start":{"line":338,"column":16},"end":{"line":338,"column":33}},"loc":{"start":{"line":338,"column":57},"end":{"line":365,"column":null}},"line":338},"40":{"name":"(anonymous_40)","decl":{"start":{"line":344,"column":39},"end":{"line":344,"column":40}},"loc":{"start":{"line":344,"column":53},"end":{"line":364,"column":3}},"line":344},"41":{"name":"resolveSkillArchiveFile","decl":{"start":{"line":367,"column":16},"end":{"line":367,"column":39}},"loc":{"start":{"line":367,"column":71},"end":{"line":385,"column":null}},"line":367},"42":{"name":"(anonymous_42)","decl":{"start":{"line":374,"column":49},"end":{"line":374,"column":50}},"loc":{"start":{"line":374,"column":59},"end":{"line":374,"column":81}},"line":374},"43":{"name":"resolveSkillArchiveSignatureFile","decl":{"start":{"line":387,"column":16},"end":{"line":387,"column":48}},"loc":{"start":{"line":387,"column":80},"end":{"line":406,"column":null}},"line":387},"44":{"name":"(anonymous_44)","decl":{"start":{"line":394,"column":49},"end":{"line":394,"column":50}},"loc":{"start":{"line":394,"column":59},"end":{"line":394,"column":81}},"line":394},"45":{"name":"resolveSkillArchiveChecksumsFile","decl":{"start":{"line":408,"column":16},"end":{"line":408,"column":48}},"loc":{"start":{"line":408,"column":72},"end":{"line":429,"column":null}},"line":408},"46":{"name":"listSkills","decl":{"start":{"line":431,"column":16},"end":{"line":431,"column":26}},"loc":{"start":{"line":431,"column":41},"end":{"line":531,"column":null}},"line":431},"47":{"name":"(anonymous_47)","decl":{"start":{"line":445,"column":6},"end":{"line":445,"column":7}},"loc":{"start":{"line":446,"column":8},"end":{"line":448,"column":53}},"line":446},"48":{"name":"(anonymous_48)","decl":{"start":{"line":453,"column":27},"end":{"line":453,"column":28}},"loc":{"start":{"line":453,"column":38},"end":{"line":453,"column":80}},"line":453},"49":{"name":"(anonymous_49)","decl":{"start":{"line":457,"column":27},"end":{"line":457,"column":28}},"loc":{"start":{"line":457,"column":38},"end":{"line":457,"column":65}},"line":457},"50":{"name":"(anonymous_50)","decl":{"start":{"line":461,"column":27},"end":{"line":461,"column":28}},"loc":{"start":{"line":461,"column":38},"end":{"line":461,"column":91}},"line":461},"51":{"name":"(anonymous_51)","decl":{"start":{"line":465,"column":27},"end":{"line":465,"column":28}},"loc":{"start":{"line":465,"column":38},"end":{"line":465,"column":87}},"line":465},"52":{"name":"(anonymous_52)","decl":{"start":{"line":469,"column":27},"end":{"line":469,"column":28}},"loc":{"start":{"line":469,"column":38},"end":{"line":469,"column":89}},"line":469},"53":{"name":"(anonymous_53)","decl":{"start":{"line":474,"column":6},"end":{"line":474,"column":7}},"loc":{"start":{"line":474,"column":17},"end":{"line":474,"column":81}},"line":474},"54":{"name":"(anonymous_54)","decl":{"start":{"line":479,"column":27},"end":{"line":479,"column":28}},"loc":{"start":{"line":479,"column":38},"end":{"line":479,"column":85}},"line":479},"55":{"name":"(anonymous_55)","decl":{"start":{"line":483,"column":27},"end":{"line":483,"column":28}},"loc":{"start":{"line":483,"column":38},"end":{"line":483,"column":91}},"line":483},"56":{"name":"(anonymous_56)","decl":{"start":{"line":489,"column":11},"end":{"line":489,"column":12}},"loc":{"start":{"line":489,"column":22},"end":{"line":496,"column":7}},"line":489},"57":{"name":"(anonymous_57)","decl":{"start":{"line":497,"column":14},"end":{"line":497,"column":15}},"loc":{"start":{"line":497,"column":25},"end":{"line":497,"column":45}},"line":497},"58":{"name":"(anonymous_58)","decl":{"start":{"line":498,"column":12},"end":{"line":498,"column":13}},"loc":{"start":{"line":498,"column":29},"end":{"line":498,"column":90}},"line":498},"59":{"name":"(anonymous_59)","decl":{"start":{"line":504,"column":24},"end":{"line":504,"column":25}},"loc":{"start":{"line":504,"column":62},"end":{"line":504,"column":67}},"line":504},"60":{"name":"getSkill","decl":{"start":{"line":533,"column":16},"end":{"line":533,"column":24}},"loc":{"start":{"line":533,"column":48},"end":{"line":548,"column":null}},"line":533},"61":{"name":"searchSkills","decl":{"start":{"line":550,"column":16},"end":{"line":550,"column":28}},"loc":{"start":{"line":550,"column":43},"end":{"line":552,"column":null}},"line":550},"62":{"name":"compareSkills","decl":{"start":{"line":554,"column":16},"end":{"line":554,"column":29}},"loc":{"start":{"line":554,"column":54},"end":{"line":614,"column":null}},"line":554},"63":{"name":"(anonymous_63)","decl":{"start":{"line":556,"column":9},"end":{"line":556,"column":10}},"loc":{"start":{"line":556,"column":22},"end":{"line":556,"column":52}},"line":556},"64":{"name":"(anonymous_64)","decl":{"start":{"line":573,"column":28},"end":{"line":573,"column":29}},"loc":{"start":{"line":573,"column":42},"end":{"line":573,"column":59}},"line":573},"65":{"name":"(anonymous_65)","decl":{"start":{"line":574,"column":36},"end":{"line":574,"column":37}},"loc":{"start":{"line":574,"column":50},"end":{"line":574,"column":67}},"line":574},"66":{"name":"(anonymous_66)","decl":{"start":{"line":577,"column":11},"end":{"line":577,"column":12}},"loc":{"start":{"line":577,"column":25},"end":{"line":577,"column":68}},"line":577},"67":{"name":"(anonymous_67)","decl":{"start":{"line":578,"column":14},"end":{"line":578,"column":15}},"loc":{"start":{"line":578,"column":33},"end":{"line":581,"column":7}},"line":578},"68":{"name":"(anonymous_68)","decl":{"start":{"line":580,"column":43},"end":{"line":580,"column":44}},"loc":{"start":{"line":580,"column":53},"end":{"line":580,"column":67}},"line":580},"69":{"name":"(anonymous_69)","decl":{"start":{"line":583,"column":11},"end":{"line":583,"column":12}},"loc":{"start":{"line":583,"column":25},"end":{"line":583,"column":53}},"line":583},"70":{"name":"(anonymous_70)","decl":{"start":{"line":584,"column":14},"end":{"line":584,"column":15}},"loc":{"start":{"line":584,"column":33},"end":{"line":587,"column":7}},"line":584},"71":{"name":"(anonymous_71)","decl":{"start":{"line":586,"column":43},"end":{"line":586,"column":44}},"loc":{"start":{"line":586,"column":52},"end":{"line":586,"column":65}},"line":586},"72":{"name":"(anonymous_72)","decl":{"start":{"line":591,"column":26},"end":{"line":591,"column":27}},"loc":{"start":{"line":591,"column":41},"end":{"line":600,"column":5}},"line":591},"73":{"name":"(anonymous_73)","decl":{"start":{"line":606,"column":31},"end":{"line":606,"column":32}},"loc":{"start":{"line":606,"column":46},"end":{"line":612,"column":5}},"line":606},"74":{"name":"(anonymous_74)","decl":{"start":{"line":609,"column":8},"end":{"line":609,"column":9}},"loc":{"start":{"line":609,"column":18},"end":{"line":609,"column":56}},"line":609},"75":{"name":"(anonymous_75)","decl":{"start":{"line":611,"column":48},"end":{"line":611,"column":49}},"loc":{"start":{"line":611,"column":57},"end":{"line":611,"column":93}},"line":611},"76":{"name":"recommendSkills","decl":{"start":{"line":616,"column":16},"end":{"line":616,"column":31}},"loc":{"start":{"line":616,"column":46},"end":{"line":672,"column":null}},"line":616},"77":{"name":"(anonymous_77)","decl":{"start":{"line":623,"column":9},"end":{"line":623,"column":10}},"loc":{"start":{"line":623,"column":24},"end":{"line":646,"column":5}},"line":623},"78":{"name":"(anonymous_78)","decl":{"start":{"line":647,"column":12},"end":{"line":647,"column":13}},"loc":{"start":{"line":647,"column":23},"end":{"line":662,"column":5}},"line":647},"79":{"name":"(anonymous_79)","decl":{"start":{"line":663,"column":10},"end":{"line":663,"column":11}},"loc":{"start":{"line":663,"column":27},"end":{"line":663,"column":86}},"line":663},"80":{"name":"listBundles","decl":{"start":{"line":674,"column":16},"end":{"line":674,"column":27}},"loc":{"start":{"line":674,"column":42},"end":{"line":691,"column":null}},"line":674},"81":{"name":"(anonymous_81)","decl":{"start":{"line":675,"column":63},"end":{"line":675,"column":64}},"loc":{"start":{"line":675,"column":74},"end":{"line":675,"column":82}},"line":675},"82":{"name":"(anonymous_82)","decl":{"start":{"line":678,"column":31},"end":{"line":678,"column":32}},"loc":{"start":{"line":678,"column":43},"end":{"line":690,"column":3}},"line":678},"83":{"name":"(anonymous_83)","decl":{"start":{"line":679,"column":56},"end":{"line":679,"column":57}},"loc":{"start":{"line":679,"column":69},"end":{"line":679,"column":94}},"line":679},"84":{"name":"(anonymous_84)","decl":{"start":{"line":680,"column":54},"end":{"line":680,"column":55}},"loc":{"start":{"line":680,"column":67},"end":{"line":680,"column":93}},"line":680},"85":{"name":"getClientInstallRecipe","decl":{"start":{"line":693,"column":16},"end":{"line":693,"column":38}},"loc":{"start":{"line":693,"column":61},"end":{"line":708,"column":null}},"line":693},"86":{"name":"(anonymous_86)","decl":{"start":{"line":697,"column":56},"end":{"line":697,"column":57}},"loc":{"start":{"line":697,"column":68},"end":{"line":697,"column":90}},"line":697},"87":{"name":"buildInstallPlan","decl":{"start":{"line":710,"column":16},"end":{"line":710,"column":32}},"loc":{"start":{"line":710,"column":59},"end":{"line":826,"column":null}},"line":710},"88":{"name":"(anonymous_88)","decl":{"start":{"line":713,"column":55},"end":{"line":713,"column":56}},"loc":{"start":{"line":713,"column":67},"end":{"line":713,"column":86}},"line":713},"89":{"name":"(anonymous_89)","decl":{"start":{"line":715,"column":9},"end":{"line":715,"column":10}},"loc":{"start":{"line":715,"column":23},"end":{"line":715,"column":48}},"line":715},"90":{"name":"(anonymous_90)","decl":{"start":{"line":719,"column":31},"end":{"line":719,"column":32}},"loc":{"start":{"line":719,"column":43},"end":{"line":719,"column":75}},"line":719},"91":{"name":"(anonymous_91)","decl":{"start":{"line":722,"column":9},"end":{"line":722,"column":10}},"loc":{"start":{"line":722,"column":22},"end":{"line":722,"column":52}},"line":722},"92":{"name":"(anonymous_92)","decl":{"start":{"line":724,"column":56},"end":{"line":724,"column":57}},"loc":{"start":{"line":725,"column":4},"end":{"line":725,"column":56}},"line":725},"93":{"name":"(anonymous_93)","decl":{"start":{"line":725,"column":24},"end":{"line":725,"column":25}},"loc":{"start":{"line":725,"column":35},"end":{"line":725,"column":55}},"line":725},"94":{"name":"(anonymous_94)","decl":{"start":{"line":727,"column":53},"end":{"line":727,"column":54}},"loc":{"start":{"line":727,"column":65},"end":{"line":727,"column":74}},"line":727},"95":{"name":"(anonymous_95)","decl":{"start":{"line":735,"column":27},"end":{"line":735,"column":28}},"loc":{"start":{"line":735,"column":38},"end":{"line":735,"column":110}},"line":735},"96":{"name":"(anonymous_96)","decl":{"start":{"line":735,"column":86},"end":{"line":735,"column":87}},"loc":{"start":{"line":735,"column":98},"end":{"line":735,"column":109}},"line":735},"97":{"name":"(anonymous_97)","decl":{"start":{"line":750,"column":13},"end":{"line":750,"column":14}},"loc":{"start":{"line":750,"column":23},"end":{"line":750,"column":60}},"line":750},"98":{"name":"(anonymous_98)","decl":{"start":{"line":752,"column":13},"end":{"line":752,"column":14}},"loc":{"start":{"line":752,"column":23},"end":{"line":752,"column":34}},"line":752},"99":{"name":"(anonymous_99)","decl":{"start":{"line":753,"column":40},"end":{"line":753,"column":41}},"loc":{"start":{"line":753,"column":53},"end":{"line":762,"column":3}},"line":753},"100":{"name":"(anonymous_100)","decl":{"start":{"line":766,"column":4},"end":{"line":766,"column":5}},"loc":{"start":{"line":766,"column":17},"end":{"line":766,"column":70}},"line":766},"101":{"name":"(anonymous_101)","decl":{"start":{"line":766,"column":38},"end":{"line":766,"column":39}},"loc":{"start":{"line":766,"column":49},"end":{"line":766,"column":69}},"line":766},"102":{"name":"(anonymous_102)","decl":{"start":{"line":772,"column":52},"end":{"line":772,"column":53}},"loc":{"start":{"line":772,"column":66},"end":{"line":772,"column":92}},"line":772},"103":{"name":"(anonymous_103)","decl":{"start":{"line":782,"column":4},"end":{"line":782,"column":5}},"loc":{"start":{"line":782,"column":16},"end":{"line":782,"column":94}},"line":782},"104":{"name":"(anonymous_104)","decl":{"start":{"line":795,"column":42},"end":{"line":795,"column":43}},"loc":{"start":{"line":795,"column":55},"end":{"line":800,"column":5}},"line":795},"105":{"name":"(anonymous_105)","decl":{"start":{"line":801,"column":40},"end":{"line":801,"column":41}},"loc":{"start":{"line":801,"column":52},"end":{"line":809,"column":5}},"line":801},"106":{"name":"(anonymous_106)","decl":{"start":{"line":813,"column":32},"end":{"line":813,"column":33}},"loc":{"start":{"line":813,"column":44},"end":{"line":813,"column":58}},"line":813},"107":{"name":"(anonymous_107)","decl":{"start":{"line":820,"column":34},"end":{"line":820,"column":35}},"loc":{"start":{"line":820,"column":47},"end":{"line":824,"column":5}},"line":820},"108":{"name":"getHealthSnapshot","decl":{"start":{"line":828,"column":16},"end":{"line":828,"column":33}},"loc":{"start":{"line":828,"column":48},"end":{"line":836,"column":null}},"line":828}},"branchMap":{"0":{"loc":{"start":{"line":10,"column":2},"end":{"line":12,"column":null}},"type":"if","locations":[{"start":{"line":10,"column":2},"end":{"line":12,"column":null}},{"start":{},"end":{}}],"line":10},"1":{"loc":{"start":{"line":14,"column":2},"end":{"line":16,"column":null}},"type":"if","locations":[{"start":{"line":14,"column":2},"end":{"line":16,"column":null}},{"start":{},"end":{}}],"line":14},"2":{"loc":{"start":{"line":21,"column":28},"end":{"line":21,"column":54}},"type":"default-arg","locations":[{"start":{"line":21,"column":38},"end":{"line":21,"column":54}}],"line":21},"3":{"loc":{"start":{"line":25,"column":31},"end":{"line":25,"column":43}},"type":"default-arg","locations":[{"start":{"line":25,"column":41},"end":{"line":25,"column":43}}],"line":25},"4":{"loc":{"start":{"line":26,"column":18},"end":{"line":26,"column":60}},"type":"binary-expr","locations":[{"start":{"line":26,"column":18},"end":{"line":26,"column":40}},{"start":{"line":26,"column":44},"end":{"line":26,"column":60}}],"line":26},"5":{"loc":{"start":{"line":34,"column":9},"end":{"line":34,"column":66}},"type":"cond-expr","locations":[{"start":{"line":34,"column":49},"end":{"line":34,"column":55}},{"start":{"line":34,"column":58},"end":{"line":34,"column":66}}],"line":34},"6":{"loc":{"start":{"line":34,"column":9},"end":{"line":34,"column":46}},"type":"binary-expr","locations":[{"start":{"line":34,"column":9},"end":{"line":34,"column":32}},{"start":{"line":34,"column":36},"end":{"line":34,"column":46}}],"line":34},"7":{"loc":{"start":{"line":38,"column":40},"end":{"line":38,"column":51}},"type":"binary-expr","locations":[{"start":{"line":38,"column":40},"end":{"line":38,"column":45}},{"start":{"line":38,"column":49},"end":{"line":38,"column":51}}],"line":38},"8":{"loc":{"start":{"line":39,"column":9},"end":{"line":39,"column":48}},"type":"cond-expr","locations":[{"start":{"line":39,"column":35},"end":{"line":39,"column":41}},{"start":{"line":39,"column":44},"end":{"line":39,"column":48}}],"line":39},"9":{"loc":{"start":{"line":43,"column":16},"end":{"line":43,"column":27}},"type":"binary-expr","locations":[{"start":{"line":43,"column":16},"end":{"line":43,"column":21}},{"start":{"line":43,"column":25},"end":{"line":43,"column":27}}],"line":43},"10":{"loc":{"start":{"line":46,"column":26},"end":{"line":46,"column":38}},"type":"default-arg","locations":[{"start":{"line":46,"column":36},"end":{"line":46,"column":38}}],"line":46},"11":{"loc":{"start":{"line":48,"column":4},"end":{"line":51,"column":6}},"type":"binary-expr","locations":[{"start":{"line":48,"column":4},"end":{"line":48,"column":19}},{"start":{"line":49,"column":4},"end":{"line":49,"column":43}},{"start":{"line":50,"column":4},"end":{"line":50,"column":40}},{"start":{"line":51,"column":4},"end":{"line":51,"column":6}}],"line":48},"12":{"loc":{"start":{"line":53,"column":9},"end":{"line":53,"column":43}},"type":"binary-expr","locations":[{"start":{"line":53,"column":9},"end":{"line":53,"column":35}},{"start":{"line":53,"column":39},"end":{"line":53,"column":43}}],"line":53},"13":{"loc":{"start":{"line":56,"column":34},"end":{"line":56,"column":46}},"type":"default-arg","locations":[{"start":{"line":56,"column":44},"end":{"line":56,"column":46}}],"line":56},"14":{"loc":{"start":{"line":58,"column":2},"end":{"line":60,"column":null}},"type":"if","locations":[{"start":{"line":58,"column":2},"end":{"line":60,"column":null}},{"start":{},"end":{}}],"line":58},"15":{"loc":{"start":{"line":65,"column":31},"end":{"line":65,"column":48}},"type":"default-arg","locations":[{"start":{"line":65,"column":42},"end":{"line":65,"column":48}}],"line":65},"16":{"loc":{"start":{"line":66,"column":28},"end":{"line":66,"column":39}},"type":"binary-expr","locations":[{"start":{"line":66,"column":28},"end":{"line":66,"column":33}},{"start":{"line":66,"column":37},"end":{"line":66,"column":39}}],"line":66},"17":{"loc":{"start":{"line":67,"column":2},"end":{"line":69,"column":null}},"type":"if","locations":[{"start":{"line":67,"column":2},"end":{"line":69,"column":null}},{"start":{},"end":{}}],"line":67},"18":{"loc":{"start":{"line":67,"column":6},"end":{"line":67,"column":51}},"type":"binary-expr","locations":[{"start":{"line":67,"column":6},"end":{"line":67,"column":26}},{"start":{"line":67,"column":30},"end":{"line":67,"column":51}}],"line":67},"19":{"loc":{"start":{"line":74,"column":2},"end":{"line":90,"column":null}},"type":"switch","locations":[{"start":{"line":75,"column":4},"end":{"line":76,"column":null}},{"start":{"line":77,"column":4},"end":{"line":77,"column":null}},{"start":{"line":78,"column":4},"end":{"line":79,"column":null}},{"start":{"line":80,"column":4},"end":{"line":80,"column":null}},{"start":{"line":81,"column":4},"end":{"line":81,"column":null}},{"start":{"line":82,"column":4},"end":{"line":83,"column":null}},{"start":{"line":84,"column":4},"end":{"line":85,"column":null}},{"start":{"line":86,"column":4},"end":{"line":87,"column":null}},{"start":{"line":88,"column":4},"end":{"line":89,"column":null}}],"line":74},"20":{"loc":{"start":{"line":76,"column":20},"end":{"line":76,"column":44}},"type":"binary-expr","locations":[{"start":{"line":76,"column":20},"end":{"line":76,"column":39}},{"start":{"line":76,"column":43},"end":{"line":76,"column":44}}],"line":76},"21":{"loc":{"start":{"line":79,"column":20},"end":{"line":79,"column":51}},"type":"binary-expr","locations":[{"start":{"line":79,"column":20},"end":{"line":79,"column":46}},{"start":{"line":79,"column":50},"end":{"line":79,"column":51}}],"line":79},"22":{"loc":{"start":{"line":83,"column":20},"end":{"line":83,"column":42}},"type":"binary-expr","locations":[{"start":{"line":83,"column":20},"end":{"line":83,"column":37}},{"start":{"line":83,"column":41},"end":{"line":83,"column":42}}],"line":83},"23":{"loc":{"start":{"line":85,"column":20},"end":{"line":85,"column":45}},"type":"binary-expr","locations":[{"start":{"line":85,"column":20},"end":{"line":85,"column":40}},{"start":{"line":85,"column":44},"end":{"line":85,"column":45}}],"line":85},"24":{"loc":{"start":{"line":87,"column":13},"end":{"line":87,"column":96}},"type":"binary-expr","locations":[{"start":{"line":87,"column":13},"end":{"line":87,"column":91}},{"start":{"line":87,"column":95},"end":{"line":87,"column":96}}],"line":87},"25":{"loc":{"start":{"line":87,"column":24},"end":{"line":87,"column":90}},"type":"binary-expr","locations":[{"start":{"line":87,"column":24},"end":{"line":87,"column":42}},{"start":{"line":87,"column":46},"end":{"line":87,"column":62}},{"start":{"line":87,"column":66},"end":{"line":87,"column":84}},{"start":{"line":87,"column":88},"end":{"line":87,"column":90}}],"line":87},"26":{"loc":{"start":{"line":93,"column":28},"end":{"line":93,"column":37}},"type":"default-arg","locations":[{"start":{"line":93,"column":35},"end":{"line":93,"column":37}}],"line":93},"27":{"loc":{"start":{"line":93,"column":39},"end":{"line":93,"column":53}},"type":"default-arg","locations":[{"start":{"line":93,"column":47},"end":{"line":93,"column":53}}],"line":93},"28":{"loc":{"start":{"line":94,"column":32},"end":{"line":94,"column":42}},"type":"binary-expr","locations":[{"start":{"line":94,"column":32},"end":{"line":94,"column":36}},{"start":{"line":94,"column":40},"end":{"line":94,"column":42}}],"line":94},"29":{"loc":{"start":{"line":95,"column":20},"end":{"line":95,"column":44}},"type":"cond-expr","locations":[{"start":{"line":95,"column":38},"end":{"line":95,"column":39}},{"start":{"line":95,"column":42},"end":{"line":95,"column":44}}],"line":95},"30":{"loc":{"start":{"line":97,"column":2},"end":{"line":99,"column":null}},"type":"if","locations":[{"start":{"line":97,"column":2},"end":{"line":99,"column":null}},{"start":{},"end":{}}],"line":97},"31":{"loc":{"start":{"line":97,"column":6},"end":{"line":97,"column":55}},"type":"binary-expr","locations":[{"start":{"line":97,"column":6},"end":{"line":97,"column":21}},{"start":{"line":97,"column":25},"end":{"line":97,"column":55}}],"line":97},"32":{"loc":{"start":{"line":103,"column":2},"end":{"line":106,"column":null}},"type":"if","locations":[{"start":{"line":103,"column":2},"end":{"line":106,"column":null}},{"start":{},"end":{}}],"line":103},"33":{"loc":{"start":{"line":111,"column":4},"end":{"line":113,"column":null}},"type":"if","locations":[{"start":{"line":111,"column":4},"end":{"line":113,"column":null}},{"start":{},"end":{}}],"line":111},"34":{"loc":{"start":{"line":112,"column":13},"end":{"line":112,"column":45}},"type":"cond-expr","locations":[{"start":{"line":112,"column":31},"end":{"line":112,"column":37}},{"start":{"line":112,"column":40},"end":{"line":112,"column":45}}],"line":112},"35":{"loc":{"start":{"line":120,"column":16},"end":{"line":120,"column":27}},"type":"binary-expr","locations":[{"start":{"line":120,"column":16},"end":{"line":120,"column":21}},{"start":{"line":120,"column":25},"end":{"line":120,"column":27}}],"line":120},"36":{"loc":{"start":{"line":137,"column":39},"end":{"line":137,"column":53}},"type":"default-arg","locations":[{"start":{"line":137,"column":51},"end":{"line":137,"column":53}}],"line":137},"37":{"loc":{"start":{"line":139,"column":8},"end":{"line":139,"column":33}},"type":"binary-expr","locations":[{"start":{"line":139,"column":8},"end":{"line":139,"column":27}},{"start":{"line":139,"column":31},"end":{"line":139,"column":33}}],"line":139},"38":{"loc":{"start":{"line":140,"column":8},"end":{"line":140,"column":32}},"type":"binary-expr","locations":[{"start":{"line":140,"column":8},"end":{"line":140,"column":26}},{"start":{"line":140,"column":30},"end":{"line":140,"column":32}}],"line":140},"39":{"loc":{"start":{"line":143,"column":9},"end":{"line":143,"column":69}},"type":"cond-expr","locations":[{"start":{"line":143,"column":28},"end":{"line":143,"column":59}},{"start":{"line":143,"column":62},"end":{"line":143,"column":69}}],"line":143},"40":{"loc":{"start":{"line":146,"column":39},"end":{"line":146,"column":54}},"type":"default-arg","locations":[{"start":{"line":146,"column":52},"end":{"line":146,"column":54}}],"line":146},"41":{"loc":{"start":{"line":153,"column":8},"end":{"line":153,"column":24}},"type":"binary-expr","locations":[{"start":{"line":153,"column":8},"end":{"line":153,"column":18}},{"start":{"line":153,"column":22},"end":{"line":153,"column":24}}],"line":153},"42":{"loc":{"start":{"line":160,"column":4},"end":{"line":160,"column":null}},"type":"if","locations":[{"start":{"line":160,"column":4},"end":{"line":160,"column":null}},{"start":{},"end":{}}],"line":160},"43":{"loc":{"start":{"line":161,"column":4},"end":{"line":164,"column":null}},"type":"if","locations":[{"start":{"line":161,"column":4},"end":{"line":164,"column":null}},{"start":{},"end":{}}],"line":161},"44":{"loc":{"start":{"line":161,"column":8},"end":{"line":161,"column":80}},"type":"binary-expr","locations":[{"start":{"line":161,"column":8},"end":{"line":161,"column":41}},{"start":{"line":161,"column":45},"end":{"line":161,"column":80}}],"line":161},"45":{"loc":{"start":{"line":165,"column":4},"end":{"line":168,"column":null}},"type":"if","locations":[{"start":{"line":165,"column":4},"end":{"line":168,"column":null}},{"start":{},"end":{}}],"line":165},"46":{"loc":{"start":{"line":169,"column":4},"end":{"line":171,"column":null}},"type":"if","locations":[{"start":{"line":169,"column":4},"end":{"line":171,"column":null}},{"start":{},"end":{}}],"line":169},"47":{"loc":{"start":{"line":175,"column":4},"end":{"line":177,"column":null}},"type":"if","locations":[{"start":{"line":175,"column":4},"end":{"line":177,"column":null}},{"start":{},"end":{}}],"line":175},"48":{"loc":{"start":{"line":183,"column":35},"end":{"line":183,"column":50}},"type":"default-arg","locations":[{"start":{"line":183,"column":48},"end":{"line":183,"column":50}}],"line":183},"49":{"loc":{"start":{"line":183,"column":52},"end":{"line":183,"column":61}},"type":"default-arg","locations":[{"start":{"line":183,"column":59},"end":{"line":183,"column":61}}],"line":183},"50":{"loc":{"start":{"line":183,"column":63},"end":{"line":183,"column":76}},"type":"default-arg","locations":[{"start":{"line":183,"column":74},"end":{"line":183,"column":76}}],"line":183},"51":{"loc":{"start":{"line":186,"column":2},"end":{"line":188,"column":null}},"type":"if","locations":[{"start":{"line":186,"column":2},"end":{"line":188,"column":null}},{"start":{},"end":{}}],"line":186},"52":{"loc":{"start":{"line":186,"column":6},"end":{"line":186,"column":48}},"type":"binary-expr","locations":[{"start":{"line":186,"column":6},"end":{"line":186,"column":10}},{"start":{"line":186,"column":14},"end":{"line":186,"column":48}}],"line":186},"53":{"loc":{"start":{"line":186,"column":15},"end":{"line":186,"column":32}},"type":"binary-expr","locations":[{"start":{"line":186,"column":15},"end":{"line":186,"column":26}},{"start":{"line":186,"column":30},"end":{"line":186,"column":32}}],"line":186},"54":{"loc":{"start":{"line":190,"column":2},"end":{"line":197,"column":null}},"type":"if","locations":[{"start":{"line":190,"column":2},"end":{"line":197,"column":null}},{"start":{},"end":{}}],"line":190},"55":{"loc":{"start":{"line":191,"column":4},"end":{"line":194,"column":null}},"type":"binary-expr","locations":[{"start":{"line":191,"column":4},"end":{"line":191,"column":12}},{"start":{"line":192,"column":5},"end":{"line":192,"column":32}},{"start":{"line":193,"column":6},"end":{"line":193,"column":37}},{"start":{"line":194,"column":6},"end":{"line":194,"column":43}}],"line":191},"56":{"loc":{"start":{"line":202,"column":32},"end":{"line":202,"column":44}},"type":"default-arg","locations":[{"start":{"line":202,"column":42},"end":{"line":202,"column":44}}],"line":202},"57":{"loc":{"start":{"line":213,"column":28},"end":{"line":213,"column":40}},"type":"default-arg","locations":[{"start":{"line":213,"column":38},"end":{"line":213,"column":40}}],"line":213},"58":{"loc":{"start":{"line":214,"column":18},"end":{"line":214,"column":60}},"type":"binary-expr","locations":[{"start":{"line":214,"column":18},"end":{"line":214,"column":40}},{"start":{"line":214,"column":44},"end":{"line":214,"column":60}}],"line":214},"59":{"loc":{"start":{"line":219,"column":32},"end":{"line":219,"column":44}},"type":"default-arg","locations":[{"start":{"line":219,"column":42},"end":{"line":219,"column":44}}],"line":219},"60":{"loc":{"start":{"line":220,"column":18},"end":{"line":220,"column":60}},"type":"binary-expr","locations":[{"start":{"line":220,"column":18},"end":{"line":220,"column":40}},{"start":{"line":220,"column":44},"end":{"line":220,"column":60}}],"line":220},"61":{"loc":{"start":{"line":225,"column":38},"end":{"line":225,"column":50}},"type":"default-arg","locations":[{"start":{"line":225,"column":48},"end":{"line":225,"column":50}}],"line":225},"62":{"loc":{"start":{"line":226,"column":18},"end":{"line":226,"column":60}},"type":"binary-expr","locations":[{"start":{"line":226,"column":18},"end":{"line":226,"column":40}},{"start":{"line":226,"column":44},"end":{"line":226,"column":60}}],"line":226},"63":{"loc":{"start":{"line":230,"column":2},"end":{"line":232,"column":null}},"type":"if","locations":[{"start":{"line":230,"column":2},"end":{"line":232,"column":null}},{"start":{},"end":{}}],"line":230},"64":{"loc":{"start":{"line":237,"column":33},"end":{"line":237,"column":45}},"type":"default-arg","locations":[{"start":{"line":237,"column":43},"end":{"line":237,"column":45}}],"line":237},"65":{"loc":{"start":{"line":244,"column":39},"end":{"line":244,"column":51}},"type":"default-arg","locations":[{"start":{"line":244,"column":49},"end":{"line":244,"column":51}}],"line":244},"66":{"loc":{"start":{"line":249,"column":2},"end":{"line":251,"column":null}},"type":"if","locations":[{"start":{"line":249,"column":2},"end":{"line":251,"column":null}},{"start":{},"end":{}}],"line":249},"67":{"loc":{"start":{"line":249,"column":6},"end":{"line":249,"column":75}},"type":"binary-expr","locations":[{"start":{"line":249,"column":6},"end":{"line":249,"column":31}},{"start":{"line":249,"column":35},"end":{"line":249,"column":75}}],"line":249},"68":{"loc":{"start":{"line":256,"column":35},"end":{"line":256,"column":47}},"type":"default-arg","locations":[{"start":{"line":256,"column":45},"end":{"line":256,"column":47}}],"line":256},"69":{"loc":{"start":{"line":260,"column":45},"end":{"line":260,"column":57}},"type":"default-arg","locations":[{"start":{"line":260,"column":55},"end":{"line":260,"column":57}}],"line":260},"70":{"loc":{"start":{"line":262,"column":2},"end":{"line":264,"column":null}},"type":"if","locations":[{"start":{"line":262,"column":2},"end":{"line":264,"column":null}},{"start":{},"end":{}}],"line":262},"71":{"loc":{"start":{"line":269,"column":52},"end":{"line":269,"column":64}},"type":"default-arg","locations":[{"start":{"line":269,"column":62},"end":{"line":269,"column":64}}],"line":269},"72":{"loc":{"start":{"line":271,"column":2},"end":{"line":273,"column":null}},"type":"if","locations":[{"start":{"line":271,"column":2},"end":{"line":273,"column":null}},{"start":{},"end":{}}],"line":271},"73":{"loc":{"start":{"line":278,"column":44},"end":{"line":278,"column":56}},"type":"default-arg","locations":[{"start":{"line":278,"column":54},"end":{"line":278,"column":56}}],"line":278},"74":{"loc":{"start":{"line":280,"column":2},"end":{"line":282,"column":null}},"type":"if","locations":[{"start":{"line":280,"column":2},"end":{"line":282,"column":null}},{"start":{},"end":{}}],"line":280},"75":{"loc":{"start":{"line":284,"column":10},"end":{"line":284,"column":34}},"type":"binary-expr","locations":[{"start":{"line":284,"column":10},"end":{"line":284,"column":28}},{"start":{"line":284,"column":32},"end":{"line":284,"column":34}}],"line":284},"76":{"loc":{"start":{"line":295,"column":64},"end":{"line":295,"column":76}},"type":"default-arg","locations":[{"start":{"line":295,"column":74},"end":{"line":295,"column":76}}],"line":295},"77":{"loc":{"start":{"line":296,"column":18},"end":{"line":296,"column":60}},"type":"binary-expr","locations":[{"start":{"line":296,"column":18},"end":{"line":296,"column":40}},{"start":{"line":296,"column":44},"end":{"line":296,"column":60}}],"line":296},"78":{"loc":{"start":{"line":298,"column":2},"end":{"line":300,"column":null}},"type":"if","locations":[{"start":{"line":298,"column":2},"end":{"line":300,"column":null}},{"start":{},"end":{}}],"line":298},"79":{"loc":{"start":{"line":302,"column":20},"end":{"line":302,"column":44}},"type":"binary-expr","locations":[{"start":{"line":302,"column":20},"end":{"line":302,"column":38}},{"start":{"line":302,"column":42},"end":{"line":302,"column":44}}],"line":302},"80":{"loc":{"start":{"line":303,"column":2},"end":{"line":305,"column":null}},"type":"if","locations":[{"start":{"line":303,"column":2},"end":{"line":305,"column":null}},{"start":{},"end":{}}],"line":303},"81":{"loc":{"start":{"line":308,"column":2},"end":{"line":310,"column":null}},"type":"if","locations":[{"start":{"line":308,"column":2},"end":{"line":310,"column":null}},{"start":{},"end":{}}],"line":308},"82":{"loc":{"start":{"line":308,"column":6},"end":{"line":308,"column":56}},"type":"binary-expr","locations":[{"start":{"line":308,"column":6},"end":{"line":308,"column":19}},{"start":{"line":308,"column":23},"end":{"line":308,"column":56}}],"line":308},"83":{"loc":{"start":{"line":318,"column":44},"end":{"line":318,"column":56}},"type":"default-arg","locations":[{"start":{"line":318,"column":54},"end":{"line":318,"column":56}}],"line":318},"84":{"loc":{"start":{"line":320,"column":2},"end":{"line":322,"column":null}},"type":"if","locations":[{"start":{"line":320,"column":2},"end":{"line":322,"column":null}},{"start":{},"end":{}}],"line":320},"85":{"loc":{"start":{"line":338,"column":43},"end":{"line":338,"column":55}},"type":"default-arg","locations":[{"start":{"line":338,"column":53},"end":{"line":338,"column":55}}],"line":338},"86":{"loc":{"start":{"line":340,"column":2},"end":{"line":342,"column":null}},"type":"if","locations":[{"start":{"line":340,"column":2},"end":{"line":342,"column":null}},{"start":{},"end":{}}],"line":340},"87":{"loc":{"start":{"line":344,"column":10},"end":{"line":344,"column":33}},"type":"binary-expr","locations":[{"start":{"line":344,"column":10},"end":{"line":344,"column":27}},{"start":{"line":344,"column":31},"end":{"line":344,"column":33}}],"line":344},"88":{"loc":{"start":{"line":353,"column":6},"end":{"line":363,"column":27}},"type":"cond-expr","locations":[{"start":{"line":354,"column":10},"end":{"line":362,"column":null}},{"start":{"line":363,"column":10},"end":{"line":363,"column":27}}],"line":353},"89":{"loc":{"start":{"line":353,"column":6},"end":{"line":353,"column":null}},"type":"binary-expr","locations":[{"start":{"line":353,"column":6},"end":{"line":353,"column":23}},{"start":{"line":353,"column":27},"end":{"line":353,"column":null}}],"line":353},"90":{"loc":{"start":{"line":367,"column":57},"end":{"line":367,"column":69}},"type":"default-arg","locations":[{"start":{"line":367,"column":67},"end":{"line":367,"column":69}}],"line":367},"91":{"loc":{"start":{"line":368,"column":18},"end":{"line":368,"column":60}},"type":"binary-expr","locations":[{"start":{"line":368,"column":18},"end":{"line":368,"column":40}},{"start":{"line":368,"column":44},"end":{"line":368,"column":60}}],"line":368},"92":{"loc":{"start":{"line":370,"column":2},"end":{"line":372,"column":null}},"type":"if","locations":[{"start":{"line":370,"column":2},"end":{"line":372,"column":null}},{"start":{},"end":{}}],"line":370},"93":{"loc":{"start":{"line":374,"column":19},"end":{"line":374,"column":42}},"type":"binary-expr","locations":[{"start":{"line":374,"column":19},"end":{"line":374,"column":36}},{"start":{"line":374,"column":40},"end":{"line":374,"column":42}}],"line":374},"94":{"loc":{"start":{"line":375,"column":2},"end":{"line":377,"column":null}},"type":"if","locations":[{"start":{"line":375,"column":2},"end":{"line":377,"column":null}},{"start":{},"end":{}}],"line":375},"95":{"loc":{"start":{"line":380,"column":2},"end":{"line":382,"column":null}},"type":"if","locations":[{"start":{"line":380,"column":2},"end":{"line":382,"column":null}},{"start":{},"end":{}}],"line":380},"96":{"loc":{"start":{"line":380,"column":6},"end":{"line":380,"column":56}},"type":"binary-expr","locations":[{"start":{"line":380,"column":6},"end":{"line":380,"column":19}},{"start":{"line":380,"column":23},"end":{"line":380,"column":56}}],"line":380},"97":{"loc":{"start":{"line":387,"column":66},"end":{"line":387,"column":78}},"type":"default-arg","locations":[{"start":{"line":387,"column":76},"end":{"line":387,"column":78}}],"line":387},"98":{"loc":{"start":{"line":388,"column":18},"end":{"line":388,"column":60}},"type":"binary-expr","locations":[{"start":{"line":388,"column":18},"end":{"line":388,"column":40}},{"start":{"line":388,"column":44},"end":{"line":388,"column":60}}],"line":388},"99":{"loc":{"start":{"line":390,"column":2},"end":{"line":392,"column":null}},"type":"if","locations":[{"start":{"line":390,"column":2},"end":{"line":392,"column":null}},{"start":{},"end":{}}],"line":390},"100":{"loc":{"start":{"line":394,"column":19},"end":{"line":394,"column":42}},"type":"binary-expr","locations":[{"start":{"line":394,"column":19},"end":{"line":394,"column":36}},{"start":{"line":394,"column":40},"end":{"line":394,"column":42}}],"line":394},"101":{"loc":{"start":{"line":396,"column":2},"end":{"line":398,"column":null}},"type":"if","locations":[{"start":{"line":396,"column":2},"end":{"line":398,"column":null}},{"start":{},"end":{}}],"line":396},"102":{"loc":{"start":{"line":396,"column":6},"end":{"line":396,"column":32}},"type":"binary-expr","locations":[{"start":{"line":396,"column":6},"end":{"line":396,"column":14}},{"start":{"line":396,"column":18},"end":{"line":396,"column":32}}],"line":396},"103":{"loc":{"start":{"line":401,"column":2},"end":{"line":403,"column":null}},"type":"if","locations":[{"start":{"line":401,"column":2},"end":{"line":403,"column":null}},{"start":{},"end":{}}],"line":401},"104":{"loc":{"start":{"line":401,"column":6},"end":{"line":401,"column":56}},"type":"binary-expr","locations":[{"start":{"line":401,"column":6},"end":{"line":401,"column":19}},{"start":{"line":401,"column":23},"end":{"line":401,"column":56}}],"line":401},"105":{"loc":{"start":{"line":408,"column":58},"end":{"line":408,"column":70}},"type":"default-arg","locations":[{"start":{"line":408,"column":68},"end":{"line":408,"column":70}}],"line":408},"106":{"loc":{"start":{"line":409,"column":18},"end":{"line":409,"column":60}},"type":"binary-expr","locations":[{"start":{"line":409,"column":18},"end":{"line":409,"column":40}},{"start":{"line":409,"column":44},"end":{"line":409,"column":60}}],"line":409},"107":{"loc":{"start":{"line":411,"column":2},"end":{"line":413,"column":null}},"type":"if","locations":[{"start":{"line":411,"column":2},"end":{"line":413,"column":null}},{"start":{},"end":{}}],"line":411},"108":{"loc":{"start":{"line":416,"column":2},"end":{"line":418,"column":null}},"type":"if","locations":[{"start":{"line":416,"column":2},"end":{"line":418,"column":null}},{"start":{},"end":{}}],"line":416},"109":{"loc":{"start":{"line":421,"column":2},"end":{"line":423,"column":null}},"type":"if","locations":[{"start":{"line":421,"column":2},"end":{"line":423,"column":null}},{"start":{},"end":{}}],"line":421},"110":{"loc":{"start":{"line":421,"column":6},"end":{"line":421,"column":56}},"type":"binary-expr","locations":[{"start":{"line":421,"column":6},"end":{"line":421,"column":19}},{"start":{"line":421,"column":23},"end":{"line":421,"column":56}}],"line":421},"111":{"loc":{"start":{"line":431,"column":27},"end":{"line":431,"column":39}},"type":"default-arg","locations":[{"start":{"line":431,"column":37},"end":{"line":431,"column":39}}],"line":431},"112":{"loc":{"start":{"line":434,"column":22},"end":{"line":434,"column":40}},"type":"binary-expr","locations":[{"start":{"line":434,"column":22},"end":{"line":434,"column":34}},{"start":{"line":434,"column":38},"end":{"line":434,"column":40}}],"line":434},"113":{"loc":{"start":{"line":435,"column":46},"end":{"line":435,"column":78}},"type":"cond-expr","locations":[{"start":{"line":435,"column":64},"end":{"line":435,"column":69}},{"start":{"line":435,"column":72},"end":{"line":435,"column":78}}],"line":435},"114":{"loc":{"start":{"line":436,"column":47},"end":{"line":436,"column":95}},"type":"binary-expr","locations":[{"start":{"line":436,"column":47},"end":{"line":436,"column":72}},{"start":{"line":436,"column":76},"end":{"line":436,"column":95}}],"line":436},"115":{"loc":{"start":{"line":438,"column":4},"end":{"line":438,"column":66}},"type":"binary-expr","locations":[{"start":{"line":438,"column":4},"end":{"line":438,"column":36}},{"start":{"line":438,"column":40},"end":{"line":438,"column":66}}],"line":438},"116":{"loc":{"start":{"line":440,"column":45},"end":{"line":440,"column":89}},"type":"binary-expr","locations":[{"start":{"line":440,"column":45},"end":{"line":440,"column":68}},{"start":{"line":440,"column":72},"end":{"line":440,"column":89}}],"line":440},"117":{"loc":{"start":{"line":441,"column":48},"end":{"line":441,"column":98}},"type":"binary-expr","locations":[{"start":{"line":441,"column":48},"end":{"line":441,"column":74}},{"start":{"line":441,"column":78},"end":{"line":441,"column":98}}],"line":441},"118":{"loc":{"start":{"line":443,"column":2},"end":{"line":450,"column":null}},"type":"if","locations":[{"start":{"line":443,"column":2},"end":{"line":450,"column":null}},{"start":{},"end":{}}],"line":443},"119":{"loc":{"start":{"line":446,"column":8},"end":{"line":448,"column":53}},"type":"binary-expr","locations":[{"start":{"line":446,"column":8},"end":{"line":446,"column":43}},{"start":{"line":447,"column":8},"end":{"line":447,"column":47}},{"start":{"line":448,"column":8},"end":{"line":448,"column":53}}],"line":446},"120":{"loc":{"start":{"line":452,"column":2},"end":{"line":454,"column":null}},"type":"if","locations":[{"start":{"line":452,"column":2},"end":{"line":454,"column":null}},{"start":{},"end":{}}],"line":452},"121":{"loc":{"start":{"line":453,"column":39},"end":{"line":453,"column":56}},"type":"binary-expr","locations":[{"start":{"line":453,"column":39},"end":{"line":453,"column":50}},{"start":{"line":453,"column":54},"end":{"line":453,"column":56}}],"line":453},"122":{"loc":{"start":{"line":456,"column":2},"end":{"line":458,"column":null}},"type":"if","locations":[{"start":{"line":456,"column":2},"end":{"line":458,"column":null}},{"start":{},"end":{}}],"line":456},"123":{"loc":{"start":{"line":460,"column":2},"end":{"line":462,"column":null}},"type":"if","locations":[{"start":{"line":460,"column":2},"end":{"line":462,"column":null}},{"start":{},"end":{}}],"line":460},"124":{"loc":{"start":{"line":464,"column":2},"end":{"line":466,"column":null}},"type":"if","locations":[{"start":{"line":464,"column":2},"end":{"line":466,"column":null}},{"start":{},"end":{}}],"line":464},"125":{"loc":{"start":{"line":468,"column":2},"end":{"line":470,"column":null}},"type":"if","locations":[{"start":{"line":468,"column":2},"end":{"line":470,"column":null}},{"start":{},"end":{}}],"line":468},"126":{"loc":{"start":{"line":469,"column":45},"end":{"line":469,"column":69}},"type":"binary-expr","locations":[{"start":{"line":469,"column":45},"end":{"line":469,"column":64}},{"start":{"line":469,"column":68},"end":{"line":469,"column":69}}],"line":469},"127":{"loc":{"start":{"line":472,"column":2},"end":{"line":476,"column":null}},"type":"if","locations":[{"start":{"line":472,"column":2},"end":{"line":476,"column":null}},{"start":{},"end":{}}],"line":472},"128":{"loc":{"start":{"line":474,"column":24},"end":{"line":474,"column":55}},"type":"binary-expr","locations":[{"start":{"line":474,"column":24},"end":{"line":474,"column":50}},{"start":{"line":474,"column":54},"end":{"line":474,"column":55}}],"line":474},"129":{"loc":{"start":{"line":478,"column":2},"end":{"line":480,"column":null}},"type":"if","locations":[{"start":{"line":478,"column":2},"end":{"line":480,"column":null}},{"start":{},"end":{}}],"line":478},"130":{"loc":{"start":{"line":479,"column":45},"end":{"line":479,"column":67}},"type":"binary-expr","locations":[{"start":{"line":479,"column":45},"end":{"line":479,"column":62}},{"start":{"line":479,"column":66},"end":{"line":479,"column":67}}],"line":479},"131":{"loc":{"start":{"line":482,"column":2},"end":{"line":484,"column":null}},"type":"if","locations":[{"start":{"line":482,"column":2},"end":{"line":484,"column":null}},{"start":{},"end":{}}],"line":482},"132":{"loc":{"start":{"line":483,"column":45},"end":{"line":483,"column":70}},"type":"binary-expr","locations":[{"start":{"line":483,"column":45},"end":{"line":483,"column":65}},{"start":{"line":483,"column":69},"end":{"line":483,"column":70}}],"line":483},"133":{"loc":{"start":{"line":486,"column":31},"end":{"line":486,"column":63}},"type":"binary-expr","locations":[{"start":{"line":486,"column":31},"end":{"line":486,"column":40}},{"start":{"line":486,"column":44},"end":{"line":486,"column":57}},{"start":{"line":486,"column":61},"end":{"line":486,"column":63}}],"line":486},"134":{"loc":{"start":{"line":487,"column":2},"end":{"line":507,"column":null}},"type":"if","locations":[{"start":{"line":487,"column":2},"end":{"line":507,"column":null}},{"start":{"line":505,"column":9},"end":{"line":507,"column":null}}],"line":487},"135":{"loc":{"start":{"line":498,"column":29},"end":{"line":498,"column":90}},"type":"binary-expr","locations":[{"start":{"line":498,"column":29},"end":{"line":498,"column":55}},{"start":{"line":498,"column":59},"end":{"line":498,"column":90}}],"line":498},"136":{"loc":{"start":{"line":500,"column":4},"end":{"line":502,"column":null}},"type":"if","locations":[{"start":{"line":500,"column":4},"end":{"line":502,"column":null}},{"start":{},"end":{}}],"line":500},"137":{"loc":{"start":{"line":500,"column":8},"end":{"line":500,"column":36}},"type":"binary-expr","locations":[{"start":{"line":500,"column":8},"end":{"line":500,"column":12}},{"start":{"line":500,"column":16},"end":{"line":500,"column":36}}],"line":500},"138":{"loc":{"start":{"line":505,"column":9},"end":{"line":507,"column":null}},"type":"if","locations":[{"start":{"line":505,"column":9},"end":{"line":507,"column":null}},{"start":{},"end":{}}],"line":505},"139":{"loc":{"start":{"line":510,"column":29},"end":{"line":510,"column":82}},"type":"binary-expr","locations":[{"start":{"line":510,"column":29},"end":{"line":510,"column":77}},{"start":{"line":510,"column":81},"end":{"line":510,"column":82}}],"line":510},"140":{"loc":{"start":{"line":510,"column":52},"end":{"line":510,"column":71}},"type":"binary-expr","locations":[{"start":{"line":510,"column":52},"end":{"line":510,"column":66}},{"start":{"line":510,"column":70},"end":{"line":510,"column":71}}],"line":510},"141":{"loc":{"start":{"line":516,"column":10},"end":{"line":516,"column":68}},"type":"binary-expr","locations":[{"start":{"line":516,"column":10},"end":{"line":516,"column":14}},{"start":{"line":516,"column":19},"end":{"line":516,"column":67}}],"line":516},"142":{"loc":{"start":{"line":516,"column":19},"end":{"line":516,"column":67}},"type":"cond-expr","locations":[{"start":{"line":516,"column":44},"end":{"line":516,"column":55}},{"start":{"line":516,"column":58},"end":{"line":516,"column":67}}],"line":516},"143":{"loc":{"start":{"line":519,"column":16},"end":{"line":519,"column":40}},"type":"binary-expr","locations":[{"start":{"line":519,"column":16},"end":{"line":519,"column":32}},{"start":{"line":519,"column":36},"end":{"line":519,"column":40}}],"line":519},"144":{"loc":{"start":{"line":520,"column":12},"end":{"line":520,"column":32}},"type":"binary-expr","locations":[{"start":{"line":520,"column":12},"end":{"line":520,"column":24}},{"start":{"line":520,"column":28},"end":{"line":520,"column":32}}],"line":520},"145":{"loc":{"start":{"line":521,"column":12},"end":{"line":521,"column":32}},"type":"binary-expr","locations":[{"start":{"line":521,"column":12},"end":{"line":521,"column":24}},{"start":{"line":521,"column":28},"end":{"line":521,"column":32}}],"line":521},"146":{"loc":{"start":{"line":526,"column":25},"end":{"line":526,"column":58}},"type":"binary-expr","locations":[{"start":{"line":526,"column":25},"end":{"line":526,"column":50}},{"start":{"line":526,"column":54},"end":{"line":526,"column":58}}],"line":526},"147":{"loc":{"start":{"line":527,"column":23},"end":{"line":527,"column":54}},"type":"binary-expr","locations":[{"start":{"line":527,"column":23},"end":{"line":527,"column":46}},{"start":{"line":527,"column":50},"end":{"line":527,"column":54}}],"line":527},"148":{"loc":{"start":{"line":533,"column":34},"end":{"line":533,"column":46}},"type":"default-arg","locations":[{"start":{"line":533,"column":44},"end":{"line":533,"column":46}}],"line":533},"149":{"loc":{"start":{"line":535,"column":2},"end":{"line":537,"column":null}},"type":"if
[...]
:60":9,"b:26:18:26:40:26:44:26:60":4,"s:27:23:27:47":10,"s:28:22:28:65":11,"s:29:2:29:Infinity":12,"f:32:9:32:21":3,"s:33:17:33:51":13,"s:34:2:34:Infinity":14,"b:34:49:34:55:34:58:34:66":5,"b:34:9:34:32:34:36:34:46":6,"f:37:9:37:29":4,"s:38:17:38:57":15,"b:38:40:38:45:38:49:38:51":7,"s:39:2:39:Infinity":16,"b:39:35:39:41:39:44:39:48":8,"f:42:9:42:26":5,"s:43:2:43:Infinity":17,"b:43:16:43:21:43:25:43:27":9,"f:46:9:46:25":6,"b:46:36:46:38":10,"s:48:4:51:6":18,"b:48:4:48:19:49:4:49:43:50:4:50:40:51:4:51:6":11,"s:53:2:53:Infinity":19,"b:53:9:53:35:53:39:53:43":12,"f:56:9:56:23":7,"b:56:44:56:46":13,"s:57:18:57:43":20,"b:58:2:60:Infinity:undefined:undefined:undefined:undefined":14,"s:58:2:60:Infinity":21,"s:59:4:59:Infinity":22,"s:62:2:62:Infinity":23,"f:65:9:65:23":8,"b:65:42:65:48":15,"s:66:21:66:54":24,"b:66:28:66:33:66:37:66:39":16,"b:67:2:69:Infinity:undefined:undefined:undefined:undefined":17,"s:67:2:69:Infinity":25,"b:67:6:67:26:67:30:67:51":18,"s:68:4:68:Infinity":26,"s:70:2:70:Infinity":27,"f:73:9:73:23":9,"b:75:4:76:Infinity:77:4:77:Infinity:78:4:79:Infinity:80:4:80:Infinity:81:4:81:Infinity:82:4:83:Infinity:84:4:85:Infinity:86:4:87:Infinity:88:4:89:Infinity":19,"s:74:2:90:Infinity":28,"s:76:6:76:Infinity":29,"b:76:20:76:39:76:43:76:44":20,"s:79:6:79:Infinity":30,"b:79:20:79:46:79:50:79:51":21,"s:83:6:83:Infinity":31,"b:83:20:83:37:83:41:83:42":22,"s:85:6:85:Infinity":32,"b:85:20:85:40:85:44:85:45":23,"s:87:6:87:Infinity":33,"b:87:13:87:91:87:95:87:96":24,"b:87:24:87:42:87:46:87:62:87:66:87:84:87:88:87:90":25,"s:89:6:89:Infinity":34,"f:93:9:93:19":10,"b:93:35:93:37":26,"b:93:47:93:53":27,"s:94:25:94:57":35,"b:94:32:94:36:94:40:94:42":28,"s:95:20:95:44":36,"b:95:38:95:39:95:42:95:44":29,"b:97:2:99:Infinity:undefined:undefined:undefined:undefined":30,"s:97:2:99:Infinity":37,"b:97:6:97:21:97:25:97:55":31,"s:98:4:98:Infinity":38,"s:101:17:101:28":39,"b:103:2:106:Infinity:undefined:undefined:undefined:undefined":32,"s:103:2:106:Infinity":40,"s:104:4:104:Infinity":41,"f:104:16:104:17":11,"s:104:33:104:76":42,"s:105:4:105:Infinity":43,"s:108:2:115:Infinity":44,"f:108:14:108:15":12,"s:110:6:110:82":45,"b:111:4:113:Infinity:undefined:undefined:undefined:undefined":33,"s:111:4:113:Infinity":46,"s:112:6:112:Infinity":47,"b:112:31:112:37:112:40:112:45":34,"s:114:4:114:Infinity":48,"s:116:2:116:Infinity":49,"f:119:9:119:22":13,"s:120:2:124:Infinity":50,"b:120:16:120:21:120:25:120:27":35,"f:127:9:127:17":14,"s:128:2:130:Infinity":51,"f:133:9:133:19":15,"s:134:2:134:Infinity":52,"f:137:9:137:29":16,"b:137:51:137:53":36,"s:138:16:141:3":53,"b:139:8:139:27:139:31:139:33":37,"f:139:39:139:40":17,"s:139:53:139:87":54,"b:140:8:140:26:140:30:140:32":38,"f:140:38:140:39":18,"s:140:51:140:83":55,"s:143:2:143:Infinity":56,"b:143:28:143:59:143:62:143:69":39,"f:146:9:146:23":19,"b:146:52:146:54":40,"s:147:14:147:15":57,"s:148:20:157:22":58,"b:153:8:153:18:153:22:153:24":41,"s:159:2:172:Infinity":59,"b:160:4:160:Infinity:undefined:undefined:undefined:undefined":42,"s:160:4:160:Infinity":60,"s:160:16:160:Infinity":61,"b:161:4:164:Infinity:undefined:undefined:undefined:undefined":43,"s:161:4:164:Infinity":62,"b:161:8:161:41:161:45:161:80":44,"s:162:6:162:Infinity":63,"s:163:6:163:Infinity":64,"b:165:4:168:Infinity:undefined:undefined:undefined:undefined":45,"s:165:4:168:Infinity":65,"f:165:23:165:24":20,"s:165:34:165:49":66,"s:166:6:166:Infinity":67,"s:167:6:167:Infinity":68,"b:169:4:171:Infinity:undefined:undefined:undefined:undefined":46,"s:169:4:171:Infinity":69,"f:169:23:169:24":21,"s:169:34:169:55":70,"s:170:6:170:Infinity":71,"s:174:2:178:Infinity":72,"b:175:4:177:Infinity:undefined:undefined:undefined:undefined":47,"s:175:4:177:Infinity":73,"f:175:23:175:24":22,"s:175:34:175:55":74,"s:176:6:176:Infinity":75,"s:180:2:180:Infinity":76,"f:183:9:183:19":23,"b:183:48:183:50":48,"b:183:59:183:61":49,"b:183:74:183:76":50,"s:184:14:184:55":77,"b:186:2:188:Infinity:undefined:undefined:undefined:undefined":51,"s:186:2:188:Infinity":78,"b:186:6:186:10:186:14:186:48":52,"b:186:15:186:26:186:30:186:32":53,"s:187:4:187:Infinity":79,"b:190:2:197:Infinity:undefined:undefined:undefined:undefined":54,"s:190:2:197:Infinity":80,"b:191:4:191:12:192:5:192:32:193:6:193:37:194:6:194:43":55,"s:196:4:196:Infinity":81,"s:199:2:199:Infinity":82,"f:202:16:202:31":24,"b:202:42:202:44":56,"s:203:19:203:52":83,"s:204:2:210:Infinity":84,"f:213:16:213:27":25,"b:213:38:213:40":57,"s:214:18:214:60":85,"b:214:18:214:40:214:44:214:60":58,"s:215:16:215:40":86,"s:216:2:216:Infinity":87,"f:219:16:219:31":26,"b:219:42:219:44":59,"s:220:18:220:60":88,"b:220:18:220:40:220:44:220:60":60,"s:221:16:221:40":89,"s:222:2:222:Infinity":90,"f:225:16:225:28":27,"b:225:48:225:50":61,"s:226:18:226:60":91,"b:226:18:226:40:226:44:226:60":62,"s:227:16:227:40":92,"s:228:23:228:71":93,"b:230:2:232:Infinity:undefined:undefined:undefined:undefined":63,"s:230:2:232:Infinity":94,"s:231:4:231:Infinity":95,"s:234:2:234:Infinity":96,"f:237:16:237:32":28,"b:237:43:237:45":64,"s:238:18:238:38":97,"s:239:2:241:Infinity":98,"f:240:9:240:10":29,"s:240:20:240:51":99,"f:244:9:244:24":30,"b:244:49:244:51":65,"s:245:23:245:47":100,"s:246:23:246:59":101,"s:247:25:247:49":102,"b:249:2:251:Infinity:undefined:undefined:undefined:undefined":66,"s:249:2:251:Infinity":103,"b:249:6:249:31:249:35:249:75":67,"s:250:4:250:Infinity":104,"s:253:2:253:Infinity":105,"f:256:16:256:34":31,"b:256:45:256:47":68,"s:257:2:257:Infinity":106,"f:260:16:260:35":32,"b:260:55:260:57":69,"s:261:19:261:49":107,"b:262:2:264:Infinity:undefined:undefined:undefined:undefined":70,"s:262:2:264:Infinity":108,"s:263:4:263:Infinity":109,"s:266:2:266:Infinity":110,"f:269:16:269:42":33,"b:269:62:269:64":71,"s:270:19:270:49":111,"b:271:2:273:Infinity:undefined:undefined:undefined:undefined":72,"s:271:2:273:Infinity":112,"s:272:4:272:Infinity":113,"s:275:2:275:Infinity":114,"f:278:16:278:34":34,"b:278:54:278:56":73,"s:279:19:279:49":115,"b:280:2:282:Infinity:undefined:undefined:undefined:undefined":74,"s:280:2:282:Infinity":116,"s:281:4:281:Infinity":117,"s:284:2:292:Infinity":118,"b:284:10:284:28:284:32:284:34":75,"f:284:40:284:41":35,"s:284:55:292:3":119,"f:295:16:295:40":36,"b:295:74:295:76":76,"s:296:18:296:60":120,"b:296:18:296:40:296:44:296:60":77,"s:297:19:297:49":121,"b:298:2:300:Infinity:undefined:undefined:undefined:undefined":78,"s:298:2:300:Infinity":122,"s:299:4:299:Infinity":123,"s:302:19:302:88":124,"b:302:20:302:38:302:42:302:44":79,"f:302:51:302:52":37,"s:302:61:302:87":125,"b:303:2:305:Infinity:undefined:undefined:undefined:undefined":80,"s:303:2:305:Infinity":126,"s:304:4:304:Infinity":127,"s:307:23:307:62":128,"b:308:2:310:Infinity:undefined:undefined:undefined:undefined":81,"s:308:2:310:Infinity":129,"b:308:6:308:19:308:23:308:56":82,"s:309:4:309:Infinity":130,"s:312:2:315:Infinity":131,"f:318:16:318:34":38,"b:318:54:318:56":83,"s:319:19:319:49":132,"b:320:2:322:Infinity:undefined:undefined:undefined:undefined":84,"s:320:2:322:Infinity":133,"s:321:4:321:Infinity":134,"s:324:2:335:Infinity":135,"f:338:16:338:33":39,"b:338:53:338:55":85,"s:339:19:339:49":136,"b:340:2:342:Infinity:undefined:undefined:undefined:undefined":86,"s:340:2:342:Infinity":137,"s:341:4:341:Infinity":138,"s:344:2:364:Infinity":139,"b:344:10:344:27:344:31:344:33":87,"f:344:39:344:40":40,"s:344:53:364:3":140,"b:354:10:362:Infinity:363:10:363:27":88,"b:353:6:353:23:353:27:353:Infinity":89,"f:367:16:367:39":41,"b:367:67:367:69":90,"s:368:18:368:60":141,"b:368:18:368:40:368:44:368:60":91,"s:369:19:369:49":142,"b:370:2:372:Infinity:undefined:undefined:undefined:undefined":92,"s:370:2:372:Infinity":143,"s:371:4:371:Infinity":144,"s:374:18:374:82":145,"b:374:19:374:36:374:40:374:42":93,"f:374:49:374:50":42,"s:374:59:374:81":146,"b:375:2:377:Infinity:undefined:undefined:undefined:undefined":94,"s:375:2:377:Infinity":147,"s:376:4:376:Infinity":148,"s:379:23:379:61":149,"b:380:2:382:Infinity:undefined:undefined:undefined:undefined":95,"s:380:2:382:Infinity":150,"b:380:6:380:19:380:23:380:56":96,"s:381:4:381:Infinity":151,"s:384:2:384:Infinity":152,"f:387:16:387:48":43,"b:387:76:387:78":97,"s:388:18:388:60":153,"b:388:18:388:40:388:44:388:60":98,"s:389:19:389:49":154,"b:390:2:392:Infinity:undefined:undefined:undefined:undefined":99,"s:390:2:392:Infinity":155,"s:391:4:391:Infinity":156,"s:394:18:394:82":157,"b:394:19:394:36:394:40:394:42":100,"f:394:49:394:50":44,"s:394:59:394:81":158,"s:395:24:395:48":159,"b:396:2:398:Infinity:undefined:undefined:undefined:undefined":101,"s:396:2:398:Infinity":160,"b:396:6:396:14:396:18:396:32":102,"s:397:4:397:Infinity":161,"s:400:23:400:62":162,"b:401:2:403:Infinity:undefined:undefined:undefined:undefined":103,"s:401:2:403:Infinity":163,"b:401:6:401:19:401:23:401:56":104,"s:402:4:402:Infinity":164,"s:405:2:405:Infinity":165,"f:408:16:408:48":45,"b:408:68:408:70":105,"s:409:18:409:60":166,"b:409:18:409:40:409:44:409:60":106,"s:410:19:410:49":167,"b:411:2:413:Infinity:undefined:undefined:undefined:undefined":107,"s:411:2:413:Infinity":168,"s:412:4:412:Infinity":169,"s:415:23:415:55":170,"b:416:2:418:Infinity:undefined:undefined:undefined:undefined":108,"s:416:2:418:Infinity":171,"s:417:4:417:Infinity":172,"s:420:23:420:61":173,"b:421:2:423:Infinity:undefined:undefined:undefined:undefined":109,"s:421:2:423:Infinity":174,"b:421:6:421:19:421:23:421:56":110,"s:422:4:422:Infinity":175,"s:425:2:428:Infinity":176,"f:431:16:431:26":46,"b:431:37:431:39":111,"s:432:18:432:38":177,"s:433:15:433:34":178,"s:434:15:434:62":179,"b:434:22:434:34:434:38:434:40":112,"s:435:16:435:79":180,"b:435:64:435:69:435:72:435:78":113,"s:436:26:436:96":181,"b:436:47:436:72:436:76:436:95":114,"s:437:32:439:3":182,"b:438:4:438:36:438:40:438:66":115,"s:440:24:440:90":183,"b:440:45:440:68:440:72:440:89":116,"s:441:27:441:99":184,"b:441:48:441:74:441:78:441:98":117,"b:443:2:450:Infinity:undefined:undefined:undefined:undefined":118,"s:443:2:450:Infinity":185,"s:444:4:449:Infinity":186,"f:445:6:445:7":47,"s:446:8:448:53":187,"b:446:8:446:43:447:8:447:47:448:8:448:53":119,"b:452:2:454:Infinity:undefined:undefined:undefined:undefined":120,"s:452:2:454:Infinity":188,"s:453:4:453:Infinity":189,"f:453:27:453:28":48,"s:453:38:453:80":190,"b:453:39:453:50:453:54:453:56":121,"b:456:2:458:Infinity:undefined:undefined:undefined:undefined":122,"s:456:2:458:Infinity":191,"s:457:4:457:Infinity":192,"f:457:27:457:28":49,"s:457:38:457:65":193,"b:460:2:462:Infinity:undefined:undefined:undefined:undefined":123,"s:460:2:462:Infinity":194,"s:461:4:461:Infinity":195,"f:461:27:461:28":50,"s:461:38:461:91":196,"b:464:2:466:Infinity:undefined:undefined:undefined:undefined":124,"s:464:2:466:Infinity":197,"s:465:4:465:Infinity":198,"f:465:27:465:28":51,"s:465:38:465:87":199,"b:468:2:470:Infinity:undefined:undefined:undefined:undefined":125,"s:468:2:470:Infinity":200,"s:469:4:469:Infinity":201,"f:469:27:469:28":52,"s:469:38:469:89":202,"b:469:45:469:64:469:68:469:69":126,"b:472:2:476:Infinity:undefined:undefined:undefined:undefined":127,"s:472:2:476:Infinity":203,"s:473:4:475:Infinity":204,"f:474:6:474:7":53,"s:474:17:474:81":205,"b:474:24:474:50:474:54:474:55":128,"b:478:2:480:Infinity:undefined:undefined:undefined:undefined":129,"s:478:2:480:Infinity":206,"s:479:4:479:Infinity":207,"f:479:27:479:28":54,"s:479:38:479:85":208,"b:479:45:479:62:479:66:479:67":130,"b:482:2:484:Infinity:undefined:undefined:undefined:undefined":131,"s:482:2:484:Infinity":209,"s:483:4:483:Infinity":210,"f:483:27:483:28":55,"s:483:38:483:91":211,"b:483:45:483:65:483:69:483:70":132,"s:486:22:486:64":212,"b:486:31:486:40:486:44:486:57:486:61:486:63":133,"b:487:2:507:Infinity:505:9:507:Infinity":134,"s:487:2:507:Infinity":213,"s:488:4:498:Infinity":214,"f:489:11:489:12":56,"s:490:26:490:64":215,"s:491:8:495:Infinity":216,"f:497:14:497:15":57,"s:497:25:497:45":217,"f:498:12:498:13":58,"s:498:29:498:90":218,"b:498:29:498:55:498:59:498:90":135,"b:500:4:502:Infinity:undefined:undefined:undefined:undefined":136,"s:500:4:502:Infinity":219,"b:500:8:500:12:500:16:500:36":137,"s:501:6:501:Infinity":220,"s:504:4:504:Infinity":221,"f:504:24:504:25":59,"s:504:62:504:67":222,"b:505:9:507:Infinity:undefined:undefined:undefined:undefined":138,"s:505:9:507:Infinity":223,"s:506:4:506:Infinity":224,"s:509:16:509:58":225,"s:510:17:510:83":226,"b:510:29:510:77:510:81:510:82":139,"b:510:52:510:66:510:70:510:71":140,"s:512:2:530:Infinity":227,"b:516:10:516:14:516:19:516:67":141,"b:516:44:516:55:516:58:516:67":142,"b:519:16:519:32:519:36:519:40":143,"b:520:12:520:24:520:28:520:32":144,"b:521:12:521:24:521:28:521:32":145,"b:526:25:526:50:526:54:526:58":146,"b:527:23:527:46:527:50:527:54":147,"f:533:16:533:24":60,"b:533:44:533:46":148,"s:534:19:534:49":228,"b:535:2:537:Infinity:undefined:undefined:undefined:undefined":149,"s:535:2:537:Infinity":229,"s:536:4:536:Infinity":230,"s:539:18:539:43":231,"b:540:2:542:Infinity:undefined:undefined:undefined:undefined":150,"s:540:2:542:Infinity":232,"s:541:4:541:Infinity":233,"s:544:2:547:Infinity":234,"f:550:16:550:28":61,"b:550:39:550:41":151,"s:551:2:551:Infinity":235,"f:554:16:554:29":62,"b:554:50:554:52":152,"s:555:20:557:20":236,"f:556:9:556:10":63,"s:556:22:556:52":237,"b:559:2:569:Infinity:undefined:undefined:undefined:undefined":153,"s:559:2:569:Infinity":238,"s:560:4:568:Infinity":239,"s:571:17:588:3":240,"b:574:10:574:Infinity:575:10:575:12":154,"f:573:28:573:29":64,"s:573:42:573:59":241,"f:574:36:574:37":65,"s:574:50:574:67":242,"f:577:11:577:12":66,"s:577:25:577:68":243,"b:577:33:577:61:577:65:577:67":155,"f:578:14:578:15":67,"b:579:8:579:Infinity:undefined:undefined:undefined:undefined":156,"s:579:8:579:Infinity":244,"s:579:22:579:Infinity":245,"s:580:8:580:Infinity":246,"f:580:43:580:44":68,"s:580:53:580:67":247,"f:583:11:583:12":69,"s:583:25:583:53":248,"b:583:33:583:46:583:50:583:52":157,"f:584:14:584:15":70,"b:585:8:585:Infinity:undefined:undefined:undefined:undefined":158,"s:585:8:585:Infinity":249,"s:585:22:585:Infinity":250,"s:586:8:586:Infinity":251,"f:586:43:586:44":71,"s:586:52:586:65":252,"s:590:2:613:Infinity":253,"f:591:26:591:27":72,"s:591:41:600:5":254,"b:596:13:596:41:596:45:596:47":159,"b:597:12:597:25:597:29:597:31":160,"b:603:18:603:30:603:34:603:43":161,"b:604:17:604:28:604:32:604:41":162,"f:606:31:606:32":73,"s:606:46:612:5":255,"b:608:21:608:49:608:53:608:55":163,"f:609:8:609:9":74,"s:609:18:609:56":256,"b:609:20:609:32:609:36:609:45":164,"b:611:20:611:33:611:37:611:39":165,"f:611:48:611:49":75,"s:611:57:611:93":257,"b:611:59:611:70:611:74:611:83":166,"f:616:16:616:31":76,"b:616:42:616:44":167,"s:617:20:617:45":258,"s:618:21:618:49":259,"b:618:30:618:42:618:46:618:48":168,"s:619:22:619:64":260,"b:619:31:619:40:619:44:619:57:619:61:619:63":169,"s:620:16:620:46":261,"s:622:18:664:20":262,"f:623:9:623:10":77,"s:623:24:646:5":263,"b:629:26:629:63:629:67:629:84":170,"b:630:12:630:25:630:29:630:31":171,"b:631:13:631:41:631:45:631:47":172,"b:641:33:641:44:641:47:641:57":173,"b:643:8:643:20:643:24:643:26":174,"b:644:8:644:24:644:28:644:30":175,"f:647:12:647:13":78,"b:648:6:650:Infinity:undefined:undefined:undefined:undefined":176,"s:648:6:650:Infinity":264,"b:648:10:648:22:648:26:648:69":177,"b:648:28:648:39:648:43:648:45":178,"s:649:8:649:Infinity":265,"b:652:6:659:Infinity:undefined:undefined:undefined:undefined":179,"s:652:6:659:Infinity":266,"b:653:8:653:24:654:8:654:43:655:8:655:47:656:8:656:Infinity":180,"s:658:8:658:Infinity":267,"s:661:6:661:Infinity":268,"f:663:10:663:11":79,"s:663:27:663:86":269,"b:663:27:663:51:663:55:663:86":181,"s:666:2:671:Infinity":270,"b:667:10:667:22:667:26:667:28":182,"b:668:10:668:22:668:26:668:30":183,"b:669:14:669:30:669:34:669:38":184,"f:674:16:674:27":80,"b:674:38:674:40":185,"s:675:23:675:84":271,"f:675:63:675:64":81,"s:675:74:675:82":272,"s:676:28:676:58":273,"s:678:2:690:Infinity":274,"f:678:31:678:32":82,"s:679:32:679:95":275,"f:679:56:679:57":83,"s:679:69:679:94":276,"s:680:30:680:94":277,"f:680:54:680:55":84,"s:680:67:680:93":278,"s:681:4:689:Infinity":279,"f:693:16:693:38":85,"b:693:57:693:59":186,"s:694:20:694:45":280,"s:696:2:705:Infinity":281,"s:697:18:697:91":282,"b:697:19:697:43:697:47:697:49":187,"f:697:56:697:57":86,"s:697:68:697:90":283,"b:698:4:704:Infinity:undefined:undefined:undefined:undefined":188,"s:698:4:704:Infinity":284,"s:699:6:703:Infinity":285,"s:707:2:707:Infinity":286,"f:710:16:710:32":87,"b:710:41:710:43":189,"b:710:55:710:57":190,"s:711:27:711:98":287,"b:711:60:711:75:711:78:711:98":191,"b:711:78:711:92:711:96:711:98":192,"s:712:28:712:102":288,"b:712:62:712:78:712:81:712:102":193,"b:712:81:712:96:712:100:712:102":194,"s:713:22:713:88":289,"f:713:55:713:56":88,"s:713:67:713:86":290,"s:714:26:716:20":291,"f:715:9:715:10":89,"s:715:23:715:48":292,"s:717:27:720:5":293,"f:719:31:719:32":90,"s:719:43:719:75":294,"b:719:43:719:69:719:73:719:75":195,"s:721:25:723:20":295,"f:722:9:722:10":91,"s:722:22:722:52":296,"s:724:32:726:3":297,"f:724:56:724:57":92,"s:725:4:725:56":298,"f:725:24:725:25":93,"s:725:35:725:55":299,"s:727:33:727:75":300,"f:727:53:727:54":94,"s:727:65:727:74":301,"s:729:24:729:69":302,"b:729:53:729:64:729:67:729:69":196,"s:730:21:730:66":303,"b:730:21:730:38:730:42:730:58:730:62:730:66":197,"s:731:17:731:76":304,"b:731:47:731:69:731:72:731:76":198,"s:732:31:732:100":305,"b:732:31:732:63:732:67:732:100":199,"s:734:24:736:4":306,"f:735:27:735:28":95,"s:735:38:735:110":307,"b:735:39:735:74:735:78:735:80":200,"f:735:86:735:87":96,"s:735:98:735:109":308,"s:738:16:738:72":309,"b:738:43:738:56:738:59:738:72":201,"s:739:22:752:35":310,"b:740:6:748:Infinity:749:6:752:35":202,"f:750:13:750:14":97,"s:750:23:750:60":311,"f:752:13:752:14":98,"s:752:23:752:34":312,"s:753:24:762:5":313,"f:753:40:753:41":99,"s:753:53:762:3":314,"b:760:8:760:Infinity:761:8:761:23":203,"s:764:19:764:21":315,"s:765:26:767:3":316,"f:766:4:766:5":100,"s:766:17:766:70":317,"f:766:38:766:39":101,"s:766:49:766:69":318,"b:768:2:770:Infinity:undefined:undefined:undefined:undefined":204,"s:768:2:770:Infinity":319,"s:769:4:769:Infinity":320,"s:772:27:772:93":321,"f:772:52:772:53":102,"s:772:66:772:92":322,"b:773:2:775:Infinity:undefined:undefined:undefined:undefined":205,"s:773:2:775:Infinity":323,"s:774:4:774:Infinity":324,"b:777:2:779:Infinity:undefined:undefined:undefined:undefined":206,"s:777:2:779:Infinity":325,"b:777:7:777:34:777:38:777:66:777:71:777:92":207,"s:778:4:778:Infinity":326,"s:781:35:783:3":327,"f:782:4:782:5":103,"s:782:16:782:94":328,"b:782:16:782:55:782:59:782:94":208,"s:784:2:788:Infinity":329,"s:785:4:787:Infinity":330,"b:789:2:791:Infinity:undefined:undefined:undefined:undefined":209,"s:789:2:791:Infinity":331,"b:789:6:789:17:789:21:789:47":210,"s:790:4:790:Infinity":332,"s:793:2:825:Infinity":333,"f:795:42:795:43":104,"s:795:55:800:5":334,"f:801:40:801:41":105,"s:801:52:809:5":335,"b:810:42:810:59:810:62:810:76":211,"b:812:33:812:48:812:51:812:56":212,"f:813:32:813:33":106,"s:813:44:813:58":336,"f:820:34:820:35":107,"s:820:47:824:5":337,"f:828:16:828:33":108,"b:828:44:828:46":213,"s:829:18:829:38":338,"s:830:2:835:Infinity":339}}}
,"/home/diegosouzapw/dev/ai/omni-skills/packages/catalog-core/src/repositories/FileSystemAdapter.js": {"path":"/home/diegosouzapw/dev/ai/omni-skills/packages/catalog-core/src/repositories/FileSystemAdapter.js","statementMap":{"0":{"start":{"line":3,"column":32},"end":{"line":10,"column":1}},"1":{"start":{"line":5,"column":4},"end":{"line":5,"column":null}},"2":{"start":{"line":8,"column":4},"end":{"line":8,"column":null}}},"fnMap":{"0":{"name":"(anonymous_0)","decl":{"start":{"line":4,"column":2},"end":{"line":4,"column":12}},"loc":{"start":{"line":4,"column":23},"end":{"line":6,"column":3}},"line":4},"1":{"name":"(anonymous_1)","decl":{"start":{"line":7,"column":2},"end":{"line":7,"column":14}},"loc":{"start":{"line":7,"column":25},"end":{"line":9,"column":null}},"line":7}},"branchMap":{},"s":{"0":2,"1":2,"2":1},"f":{"0":2,"1":1},"b":{},"meta":{"lastBranch":0,"lastFunction":2,"lastStatement":3,"seen":{"s:3:32:10:1":0,"f:4:2:4:12":0,"s:5:4:5:Infinity":1,"f:7:2:7:14":1,"s:8:4:8:Infinity":2}}}
}
